This script was generated by crab (version 2.11.1_patch1).
Running /home/grid/cmsplt01/home_cream_808517698/CREAM808517698/glide_UQxiEo/execute/dir_29689/condor_exec.exe with 2 positional parameters: 12 1
Today is Thu Dec  4 19:43:52 CET 2014 - Thu Dec  4 18:43:52 UTC 2014
Job submitted on host b6a2c363d1
Linux b6a2c363d1 2.6.32-431.11.2.el6.x86_64 #1 SMP Wed Mar 26 09:39:43 CET 2014 x86_64 x86_64 x86_64 GNU/Linux
Distributor ID:	ScientificCERNSLC
Description:	Scientific Linux CERN SLC release 6.6 (Carbon)
>>> current directory (RUNTIME_AREA): /pool/grid/cmsplt01/home_cream_808517698/CREAM808517698/glide_UQxiEo/execute/dir_29689
>>> current user: uid=8415(cms149) gid=1399(zh) groups=1399(zh),1101065603 context=unconfined_u:system_r:initrc_t:s0
>>> directory permission set to 0700
>>> umask set to:  u=rwx,g=,o=
>>> stdout stderr permission set to 0704
>>> voms proxy information:
subject   : /DC=ch/DC=cern/OU=Organic Units/OU=Users/CN=yxin/CN=728251/CN=Yongjie Xin/CN=1425571799/CN=1079228616
issuer    : /DC=ch/DC=cern/OU=Organic Units/OU=Users/CN=yxin/CN=728251/CN=Yongjie Xin/CN=1425571799
identity  : /DC=ch/DC=cern/OU=Organic Units/OU=Users/CN=yxin/CN=728251/CN=Yongjie Xin
type      : RFC3820 compliant limited proxy
strength  : 1024
path      : /home/grid/cmsplt01/home_cream_808517698/CREAM808517698/glide_UQxiEo/execute/dir_29689/x509up_u45880
timeleft  : 23:58:49
key usage : Digital Signature, Key Encipherment
=== VO cms extension information ===
VO        : cms
subject   : /DC=ch/DC=cern/OU=Organic Units/OU=Users/CN=yxin/CN=728251/CN=Yongjie Xin
issuer    : /DC=ch/DC=cern/OU=computers/CN=voms2.cern.ch
attribute : /cms/Role=NULL/Capability=NULL
attribute : /cms/uscms/Role=NULL/Capability=NULL
timeleft  : 191:22:24
uri       : voms2.cern.ch:15002

WNHostName=b6a2c363d1
$_CONDOR_JOB_AD =/home/grid/cmsplt01/home_cream_808517698/CREAM808517698/glide_UQxiEo/execute/dir_29689/.job.ad
OverflowFlag=0
>>> tar --no-same-permissions -xf /pool/grid/cmsplt01/home_cream_808517698/CREAM808517698/glide_UQxiEo/execute/dir_29689/default.tgz :
Successful untar
>>> Include /pool/grid/cmsplt01/home_cream_808517698/CREAM808517698/glide_UQxiEo/execute/dir_29689 in PYTHONPATH:
strip arguments
env var CRAB_UNIQUE_JOB_ID set to: yxin_ServiceWork_k7w93h_12_1_7Dm
out_files_12
>>> list of expected files on output sandbox
output files: crab_fjr_12.xml CMSSW_12.stdout CMSSW_12.stderr Watchdog_12.log.gz
>>> GridFlavour discovery: 
GridFlavour=LCG
>>> SyncSite discovery: 
SyncSite=T2_CH_CERN
>>> SyncCE discovery: 
getting SyncCE from CE_ID
SyncCE=ce403.cern.ch:8443/cream-lsf-grid_cms
>>> info for dashboard:
***** Cat /pool/grid/cmsplt01/home_cream_808517698/CREAM808517698/glide_UQxiEo/execute/dir_29689/jobreport.txt *****
WNHostName=b6a2c363d1
OverflowFlag=0
MonitorJobID=12_https://submit-4.t2.ucsd.edu//141204//533307.11
SyncGridJobId=https://submit-4.t2.ucsd.edu//141204//533307.11
MonitorID=yxin_ServiceWork_k7w93h
GridFlavour=LCG
SyncSite=T2_CH_CERN
SyncCE=ce403.cern.ch:8443/cream-lsf-grid_cms
***** End Cat jobreport *****
Parameters sent to Dashboard.
>>> setup environment
set SCRAM ARCH to slc6_amd64_gcc481
SCRAM_ARCH = slc6_amd64_gcc481
>>> setup CMS LCG environment:
set SCRAM ARCH and BUILD_ARCH to slc6_amd64_gcc481 ###
Sourcing environment... 
sourcing /cvmfs/cms.cern.ch/cmsset_default.sh
==> setup cms environment ok
>>> specific cmssw setup environment:
CMSSW_VERSION =  CMSSW_7_3_0_pre3
WARNING: Developer's area is created for non-production architecture slc6_amd64_gcc481. Production architecture for this release is slc6_amd64_gcc491.
>>> current directory (SOFTWARE_DIR): /pool/grid/cmsplt01/home_cream_808517698/CREAM808517698/glide_UQxiEo/execute/dir_29689/CMSSW_7_3_0_pre3
PreserveSeeds: <>
IncrementSeeds:<>
>>> info for dashboard:
***** Cat /pool/grid/cmsplt01/home_cream_808517698/CREAM808517698/glide_UQxiEo/execute/dir_29689/jobreport.txt *****
MonitorJobID=12_https://submit-4.t2.ucsd.edu//141204//533307.11
MonitorID=yxin_ServiceWork_k7w93h
***** End Cat jobreport *****
Parameters sent to Dashboard.
crabWatchdog started as process 29941
>>> moving CMSSW software directories in /pool/grid/cmsplt01/home_cream_808517698/CREAM808517698/glide_UQxiEo/execute/dir_29689/CMSSW_7_3_0_pre3
mv: cannot stat `/pool/grid/cmsplt01/home_cream_808517698/CREAM808517698/glide_UQxiEo/execute/dir_29689/module/': No such file or directory
>>> Include /pool/grid/cmsplt01/home_cream_808517698/CREAM808517698/glide_UQxiEo/execute/dir_29689 in PYTHONPATH:
PYTHONPATH=/pool/grid/cmsplt01/home_cream_808517698/CREAM808517698/glide_UQxiEo/execute/dir_29689/:/pool/grid/cmsplt01/home_cream_808517698/CREAM808517698/glide_UQxiEo/execute/dir_29689/CMSSW_7_3_0_pre3/python:/pool/grid/cmsplt01/home_cream_808517698/CREAM808517698/glide_UQxiEo/execute/dir_29689/CMSSW_7_3_0_pre3/lib/slc6_amd64_gcc481:/cvmfs/cms.cern.ch/slc6_amd64_gcc481/cms/cmssw/CMSSW_7_3_0_pre3/python:/cvmfs/cms.cern.ch/slc6_amd64_gcc481/cms/cmssw/CMSSW_7_3_0_pre3/lib/slc6_amd64_gcc481:/cvmfs/cms.cern.ch/slc6_amd64_gcc481/cms/coral/CORAL_2_3_21-cms37/slc6_amd64_gcc481/python:/cvmfs/cms.cern.ch/slc6_amd64_gcc481/cms/coral/CORAL_2_3_21-cms37/slc6_amd64_gcc481/lib:/cvmfs/cms.cern.ch/slc6_amd64_gcc481/external/pyqt/4.8.1-cms2/lib/python2.7/site-packages:/cvmfs/cms.cern.ch/slc6_amd64_gcc481/external/py2-scipy/0.8.0-cms2/lib/python2.7/site-packages:/cvmfs/cms.cern.ch/slc6_amd64_gcc481/external/py2-matplotlib/1.2.1-cms3/lib/python2.7/site-packages:/cvmfs/cms.cern.ch/slc6_amd64_gcc481/external/yoda/1.1.0-cms/lib/python2.7/site-packages:/cvmfs/cms.cern.ch/slc6_amd64_gcc481/external/python-ldap/2.4.10-cms2/lib/python2.7/site-packages:/cvmfs/cms.cern.ch/slc6_amd64_gcc481/external/sip/4.11.2-cms2/lib/python2.7/site-packages:/cvmfs/cms.cern.ch/slc6_amd64_gcc481/external/llvm/3.5-cms/lib/python2.7/site-packages:/cvmfs/cms.cern.ch/slc6_amd64_gcc481/external/py2-sqlalchemy/0.8.2-cms3/lib/python2.7/site-packages:/cvmfs/cms.cern.ch/slc6_amd64_gcc481/external/py2-pytz/2014.7/lib/python2.7/site-packages:/cvmfs/cms.cern.ch/slc6_amd64_gcc481/external/py2-pycurl/7.19.0-cms2/lib/python2.7/site-packages:/cvmfs/cms.cern.ch/slc6_amd64_gcc481/external/py2-python-dateutil/1.1-cms2/lib/python2.7/site-packages:/cvmfs/cms.cern.ch/slc6_amd64_gcc481/external/py2-numpy/1.6.1-cms2/lib/python2.7/site-packages:/cvmfs/cms.cern.ch/slc6_amd64_gcc481/external/py2-lint/0.25.1-cms2/lib/python2.7/site-packages:/cvmfs/cms.cern.ch/slc6_amd64_gcc481/external/py2-ipython/0.10-cms2/lib/python2.7/site-packages:/cvmfs/cms.cern.ch/slc6_amd64_gcc481/external/py2-dxr/1.0/lib/python2.7/site-packages:/cvmfs/cms.cern.ch/slc6_amd64_gcc481/external/py2-cx-oracle/5.1-cms3/lib/python2.7/site-packages:/cvmfs/cms.cern.ch/slc6_amd64_gcc481/external/py2-cjson/1.0.5-cms2/lib/python2.7/site-packages:/cvmfs/cms.cern.ch/slc6_amd64_gcc481/external/frontier_client/2.8.11/python/lib:/cvmfs/cms.cern.ch/slc6_amd64_gcc481/cms/das-client/2.5.0-cms/bin:/cvmfs/cms.cern.ch/slc6_amd64_gcc481/external/cython/0.19.1-cms2/lib/python2.7/site-packages:/cvmfs/cms.cern.ch/slc6_amd64_gcc481/external/rivet/2.1.2-cms4/lib/python2.7/site-packages:/cvmfs/cms.cern.ch/slc6_amd64_gcc481/external/pyminuit2/0.0.1-cms29/lib/python2.7/site-packages:/cvmfs/cms.cern.ch/slc6_amd64_gcc481/external/py2-pygithub/1.23.0-cms/lib/python2.7/site-packages:/cvmfs/cms.cern.ch/slc6_amd64_gcc481/external/py2-networkx/1.8.1-cms2/lib/python2.7/site-packages:/cvmfs/cms.cern.ch/slc6_amd64_gcc481/external/py2-pygments/1.6/lib/python2.7/site-packages:/cvmfs/cms.cern.ch/slc6_amd64_gcc481/external/py2-parsimonious/0.6.1/lib/python2.7/site-packages:/cvmfs/cms.cern.ch/slc6_amd64_gcc481/external/py2-ordereddict/1.1/lib/python2.7/site-packages:/cvmfs/cms.cern.ch/slc6_amd64_gcc481/external/py2-markupsafe/0.23/lib/python2.7/site-packages:/cvmfs/cms.cern.ch/slc6_amd64_gcc481/external/py2-jinja/2.7.2/lib/python2.7/site-packages:/cvmfs/cms.cern.ch/slc6_amd64_gcc481/external/py2-futures/2.2.0/lib/python2.7/site-packages:/cvmfs/cms.cern.ch/slc6_amd64_gcc481/external/py2-dablooms/0.9.1/lib/python2.7/site-packages:/cvmfs/cms.cern.ch/slc6_amd64_gcc481/external/professor/1.0.0-cms29/lib/python2.7/site-packages:/cvmfs/cms.cern.ch/slc6_amd64_gcc481/lcg/root/5.34.18-cms14/lib:/cvmfs/cms.cern.ch/slc6_amd64_gcc481/cms/dbs-client/DBS_2_1_9-cms2/lib:/cvmfs/cms.cern.ch/slc6_amd64_gcc481/cms/dbs-client/DBS_2_1_9-cms2/lib/DBSAPI:/cvmfs/cms.cern.ch/slc6_amd64_gcc481/external/cvs2git/5419-cms2/lib:/pool/grid/cmsplt01/home_cream_808517698/CREAM808517698/glide_UQxiEo/execute/dir_29689/
 
# LIMITS USED BY CRAB WATCHDOG:
# RSS  (KBytes)   : 2300000
# VSZ  (KBytes)   : 100000000
# DISK (MBytes)   : 19000
# CPU TIME        : 720h:0m:0s
# WALL CLOCK TIME : 21h:50m:0s
 
94c7102f2fc06aea41054bf3e0415a25
PSETHASH = 94c7102f2fc06aea41054bf3e0415a25
/pool/grid/cmsplt01/home_cream_808517698/CREAM808517698/glide_UQxiEo/execute/dir_29689/writeCfg.py pset.py pset.py
Importing .py file
Setting parameters
RandomNumberGeneratorService found, will attempt to change seeds
inputBlocks=/RelValQCD_FlatPt_15_3000HS_13/CMSSW_7_3_0_pre3-MCRUN2_73_V5-v1/GEN-SIM-RECO#c1f55c6c-7772-11e4-86df-003048c9c3fe
inputFiles=/store/relval/CMSSW_7_3_0_pre3/RelValQCD_FlatPt_15_3000HS_13/GEN-SIM-RECO/MCRUN2_73_V5-v1/00000/7EC17A08-6277-E411-9543-02163E010DBE.root
parentFiles=
lumisRange=
>>> Executable cmsRun
/cvmfs/cms.cern.ch/slc6_amd64_gcc481/cms/cmssw/CMSSW_7_3_0_pre3/bin/slc6_amd64_gcc481/cmsRun
ok executable found
>>> info for dashboard:
***** Cat /pool/grid/cmsplt01/home_cream_808517698/CREAM808517698/glide_UQxiEo/execute/dir_29689/jobreport.txt *****
MonitorJobID=12_https://submit-4.t2.ucsd.edu//141204//533307.11
MonitorID=yxin_ServiceWork_k7w93h
ExeStart=cmsRun
***** End Cat jobreport *****
Parameters sent to Dashboard.
>>> cmsRun started at Thu Dec  4 18:44:53 UTC 2014
>>> cmsRun ended at Thu Dec  4 18:47:32 UTC 2014
>>> crab_fjr_*.xml  permission set to 0704
>>> info for dashboard:
***** Cat /pool/grid/cmsplt01/home_cream_808517698/CREAM808517698/glide_UQxiEo/execute/dir_29689/jobreport.txt *****
MonitorJobID=12_https://submit-4.t2.ucsd.edu//141204//533307.11
MonitorID=yxin_ServiceWork_k7w93h
ExeEnd=cmsRun
***** End Cat jobreport *****
Parameters sent to Dashboard.
TIME_EXE = 159 sec
>>> cmsRun wrote 24 lines of stdout+stderr
>>> START OF printout of 24 lines from stdout+stderr
04-Dec-2014 19:45:30 CET  Initiating request to open file root://eoscms//eos/cms/store/relval/CMSSW_7_3_0_pre3/RelValQCD_FlatPt_15_3000HS_13/GEN-SIM-RECO/MCRUN2_73_V5-v1/00000/7EC17A08-6277-E411-9543-02163E010DBE.root?svcClass=default
04-Dec-2014 19:45:34 CET  Successfully opened file root://eoscms//eos/cms/store/relval/CMSSW_7_3_0_pre3/RelValQCD_FlatPt_15_3000HS_13/GEN-SIM-RECO/MCRUN2_73_V5-v1/00000/7EC17A08-6277-E411-9543-02163E010DBE.root?svcClass=default
Begin processing the 1st record. Run 1, Event 45552, LumiSection 456 at 04-Dec-2014 19:45:50.497 CET
Begin processing the 101st record. Run 1, Event 47552, LumiSection 476 at 04-Dec-2014 19:46:32.914 CET
Begin processing the 201st record. Run 1, Event 48252, LumiSection 483 at 04-Dec-2014 19:47:15.814 CET
04-Dec-2014 19:47:29 CET  Closed file root://eoscms//eos/cms/store/relval/CMSSW_7_3_0_pre3/RelValQCD_FlatPt_15_3000HS_13/GEN-SIM-RECO/MCRUN2_73_V5-v1/00000/7EC17A08-6277-E411-9543-02163E010DBE.root?svcClass=default

=============================================

MessageLogger Summary

 type     category        sev    module        subroutine        count    total
 ---- -------------------- -- ---------------- ----------------  -----    -----
    1 fileAction           -s file_close                             1        1
    2 fileAction           -s file_open                              2        2

 type    category    Examples: run/evt        run/evt          run/evt
 ---- -------------------- ---------------- ---------------- ----------------
    1 fileAction           PostEndRun                        
    2 fileAction           pre-events       pre-events       

Severity    # Occurrences   Total Occurrences
--------    -------------   -----------------
System                  3                   3
>>> END OF printout of 24 lines from stdout+stderr
>>> Parse FrameworkJobReport crab_fjr.xml
Result of parsing the FrameworkJobReport crab_fjr.xml: Popularity start
lumisRange : 1::456,476,483::1;
lumisParentRange : 
Basename : /store/relval/CMSSW_7_3_0_pre3/RelValQCD_FlatPt_15_3000HS_13/GEN-SIM-RECO/MCRUN2_73_V5-v1/00000/
BasenameParent : 
parentFiles : 
inputBlocks : /RelValQCD_FlatPt_15_3000HS_13/CMSSW_7_3_0_pre3-MCRUN2_73_V5-v1/GEN-SIM-RECO#c1f55c6c-7772-11e4-86df-003048c9c3fe
inputFiles : 7EC17A08-6277-E411-9543-02163E010DBE.root::1::EDM::Local::1;
Popularity stop
Extracted ExitStatus from FrameworkJobReport parsing output: 0
>>> Executable succeded  0
ExeExitCode=0
EXECUTABLE_EXIT_STATUS = 0
>>> current directory /pool/grid/cmsplt01/home_cream_808517698/CREAM808517698/glide_UQxiEo/execute/dir_29689/CMSSW_7_3_0_pre3
>>>  (SOFTWARE_DIR): /pool/grid/cmsplt01/home_cream_808517698/CREAM808517698/glide_UQxiEo/execute/dir_29689/CMSSW_7_3_0_pre3
>>> (WORKING_DIR): 
>>> current directory content:
total 190072
drwxr-xr-x. 3 cms149 zh      4096 Dec  4 19:43 .SCRAM
-rw-------. 1 cms149 zh  10330614 Dec  4 19:43 CMSSW.py.pkl
-rw-------. 1 cms149 zh 173877824 Dec  4 19:47 PFL2_out_All10000Events.root
drwxr-xr-x. 3 cms149 zh      4096 Dec  4 19:43 biglib
drwxr-xr-x. 3 cms149 zh      4096 Dec  4 19:43 bin
drwxr-xr-x. 3 cms149 zh      4096 Dec  4 19:43 cfipython
drwxr-xr-x. 4 cms149 zh      4096 Dec  4 19:43 config
-rw-------. 1 cms149 zh        16 Dec  4 19:47 cpu_timing.txt
drwxr-xr-x. 2 cms149 zh      4096 Dec  4 19:43 doc
-rw-------. 1 cms149 zh      1789 Dec  4 19:47 executable.out
drwxr-xr-x. 2 cms149 zh      4096 Dec  4 19:43 include
drwx------. 3 cms149 zh      4096 Dec  4 17:32 lib
drwxr-xr-x. 3 cms149 zh      4096 Dec  4 19:43 logs
drwxr-xr-x. 3 cms149 zh      4096 Dec  4 19:43 objs
-rw-------. 1 cms149 zh       104 Dec  4 19:44 pset.py
-rw-------. 1 cms149 zh  10334256 Dec  4 19:44 pset.py.pkl
-rw-------. 1 cms149 zh       289 Dec  4 19:44 pset.pyc
drwxr-xr-x. 2 cms149 zh      4096 Dec  4 19:43 python
-rw-------. 1 cms149 zh       365 Dec  4 19:47 report.log
drwx------. 3 cms149 zh      4096 Dec  4 19:43 src
drwxr-xr-x. 3 cms149 zh      4096 Dec  4 19:43 test
drwxr-xr-x. 3 cms149 zh      4096 Dec  4 19:43 tmp
>>> current directory /pool/grid/cmsplt01/home_cream_808517698/CREAM808517698/glide_UQxiEo/execute/dir_29689/CMSSW_7_3_0_pre3
>>> (SOFTWARE_DIR): /pool/grid/cmsplt01/home_cream_808517698/CREAM808517698/glide_UQxiEo/execute/dir_29689/CMSSW_7_3_0_pre3
>>> (WORKING_DIR): 
>>> current directory content:
total 190072
drwxr-xr-x. 3 cms149 zh      4096 Dec  4 19:43 .SCRAM
-rw-------. 1 cms149 zh  10330614 Dec  4 19:43 CMSSW.py.pkl
-rw-------. 1 cms149 zh 173877824 Dec  4 19:47 PFL2_out_All10000Events_12_1_7Dm.root
drwxr-xr-x. 3 cms149 zh      4096 Dec  4 19:43 biglib
drwxr-xr-x. 3 cms149 zh      4096 Dec  4 19:43 bin
drwxr-xr-x. 3 cms149 zh      4096 Dec  4 19:43 cfipython
drwxr-xr-x. 4 cms149 zh      4096 Dec  4 19:43 config
-rw-------. 1 cms149 zh        16 Dec  4 19:47 cpu_timing.txt
drwxr-xr-x. 2 cms149 zh      4096 Dec  4 19:43 doc
-rw-------. 1 cms149 zh      1789 Dec  4 19:47 executable.out
drwxr-xr-x. 2 cms149 zh      4096 Dec  4 19:43 include
drwx------. 3 cms149 zh      4096 Dec  4 17:32 lib
drwxr-xr-x. 3 cms149 zh      4096 Dec  4 19:43 logs
drwxr-xr-x. 3 cms149 zh      4096 Dec  4 19:43 objs
-rw-------. 1 cms149 zh       104 Dec  4 19:44 pset.py
-rw-------. 1 cms149 zh  10334256 Dec  4 19:44 pset.py.pkl
-rw-------. 1 cms149 zh       289 Dec  4 19:44 pset.pyc
drwxr-xr-x. 2 cms149 zh      4096 Dec  4 19:43 python
-rw-------. 1 cms149 zh       365 Dec  4 19:47 report.log
drwx------. 3 cms149 zh      4096 Dec  4 19:43 src
drwxr-xr-x. 3 cms149 zh      4096 Dec  4 19:43 test
drwxr-xr-x. 3 cms149 zh      4096 Dec  4 19:43 tmp
>>> current directory (RUNTIME_AREA):  /pool/grid/cmsplt01/home_cream_808517698/CREAM808517698/glide_UQxiEo/execute/dir_29689
PNN = cmseos.fnal.gov
SE = cmseos.fnal.gov
SE_PATH = /srm/v2/server?SFN=/eos/uscms//store/user/yxin/Service/
LFNBaseName = /store/user/yxin/Service/
USER = yxin
endpoint = srm://cmseos.fnal.gov:8443/srm/v2/server?SFN=/eos/uscms//store/user/yxin/Service/
>>> Copy output files from WN = b6a2c363d1 to /srm/v2/server?SFN=/eos/uscms//store/user/yxin/Service/ :
python cmscp.py  --destination srm://cmseos.fnal.gov:8443/srm/v2/server?SFN=/eos/uscms//store/user/yxin/Service/ --inputFileList /pool/grid/cmsplt01/home_cream_808517698/CREAM808517698/glide_UQxiEo/execute/dir_29689/CMSSW_7_3_0_pre3/PFL2_out_All10000Events_12_1_7Dm.root --middleware LCG --PNN cmseos.fnal.gov --se_name cmseos.fnal.gov --for_lfn /store/user/yxin/Service/    
******************************************************
localSeName  =  srm-eoscms.cern.ch
remoteSeName =  cmseos.fnal.gov
******************************************************
{"/pool/grid/cmsplt01/home_cream_808517698/CREAM808517698/glide_UQxiEo/execute/dir_29689/CMSSW_7_3_0_pre3/PFL2_out_All10000Events_12_1_7Dm.root": {"endpoint": "srm://cmseos.fnal.gov:8443/srm/v2/server?SFN=/eos/uscms//store/user/yxin/Service/", "surl_for_grid": "", "reason": "Copy succedeed with srm-lcg utils", "erCode": "0", "PNN": "cmseos.fnal.gov", "se_name": "cmseos.fnal.gov", "for_lfn": "/store/user/yxin/Service/"}}/pool/grid/cmsplt01/home_cream_808517698/CREAM808517698/glide_UQxiEo/execute/dir_29689
-------- cat /pool/grid/cmsplt01/home_cream_808517698/CREAM808517698/glide_UQxiEo/execute/dir_29689/cmscpReport.sh 
#!/bin/bash
echo "Report for File: /pool/grid/cmsplt01/home_cream_808517698/CREAM808517698/glide_UQxiEo/execute/dir_29689/CMSSW_7_3_0_pre3/PFL2_out_All10000Events_12_1_7Dm.root"
echo "LFN: /store/user/yxin/Service/PFL2_out_All10000Events_12_1_7Dm.root"
echo "StorageElement: cmseos.fnal.gov"
echo "StageOutExitStatusReason = 'Copy succedeed with srm-lcg utils'" | tee -a $RUNTIME_AREA/$repo
echo "StageOutSE = cmseos.fnal.gov" >> $RUNTIME_AREA/$repo

export StageOutExitStatus=0
echo "StageOutExitStatus = 0" | tee -a $RUNTIME_AREA/$repo
-------- end of /pool/grid/cmsplt01/home_cream_808517698/CREAM808517698/glide_UQxiEo/execute/dir_29689/cmscpReport.sh 
Report for File: /pool/grid/cmsplt01/home_cream_808517698/CREAM808517698/glide_UQxiEo/execute/dir_29689/CMSSW_7_3_0_pre3/PFL2_out_All10000Events_12_1_7Dm.root
LFN: /store/user/yxin/Service/PFL2_out_All10000Events_12_1_7Dm.root
StorageElement: cmseos.fnal.gov
StageOutExitStatusReason = 'Copy succedeed with srm-lcg utils'
StageOutExitStatus = 0
>>> current dir: /pool/grid/cmsplt01/home_cream_808517698/CREAM808517698/glide_UQxiEo/execute/dir_29689
>>> current dir content:
total 12712
-rw-------.  1 cms149 zh     2795 Dec  4 19:48 .SEinteraction.log
-rwx------.  1 cms149 zh       53 Dec  4 19:43 .chirp_config
-rwx------.  1 cms149 zh     7929 Dec  4 19:43 .job.ad
-rwx------.  1 cms149 zh     9757 Dec  4 19:43 .machine.ad
-rw-------.  1 cms149 zh      105 Dec  4 19:17 CMSSW.py
-rw-------.  1 cms149 zh 10330614 Dec  4 19:17 CMSSW.py.pkl
-rwx------.  1 cms149 zh    29289 Dec  4 19:43 CMSSW.sh
drwxr-xr-x. 16 cms149 zh     4096 Dec  4 19:47 CMSSW_7_3_0_pre3
-rw-------.  1 cms149 zh      582 Dec  4 19:43 CacheEnv.sh
-rw-------.  1 cms149 zh     7291 Nov 19 15:52 DashboardAPI.py
-rw-------.  1 cms149 zh     6920 Dec  4 19:43 DashboardAPI.pyc
drwx------.  2 cms149 zh     4096 Dec  4 19:47 IMProv
-rw-------.  1 cms149 zh     2748 Nov 19 15:52 Logger.py
-rw-------.  1 cms149 zh     3382 Dec  4 19:43 Logger.pyc
lrwxrwxrwx.  1 cms149 zh      141 Dec  4 19:47 PFL2_out_All10000Events.root -> /pool/grid/cmsplt01/home_cream_808517698/CREAM808517698/glide_UQxiEo/execute/dir_29689/CMSSW_7_3_0_pre3/PFL2_out_All10000Events_12_1_7Dm.root
-rw-------.  1 cms149 zh    24524 Nov 19 15:52 ProcInfo.py
-rw-------.  1 cms149 zh    23365 Dec  4 19:43 ProcInfo.pyc
drwx------.  7 cms149 zh     4096 Dec  4 19:44 ProdCommon
drwx------.  3 cms149 zh     4096 Dec  4 19:43 WMCore
-rw-------.  1 cms149 zh     1849 Dec  4 19:48 Watchdog_12.log
-rwx------.  1 cms149 zh        0 Dec  4 19:43 _condor_stderr
-rwx---r--.  1 cms149 zh    18682 Dec  4 19:48 _condor_stdout
-rw-------.  1 cms149 zh    32895 Nov 19 15:52 apmon.py
-rw-------.  1 cms149 zh    28828 Dec  4 19:43 apmon.pyc
-rwx------.  1 cms149 zh    70708 Dec  4 19:43 arguments.xml
-rwx------.  1 cms149 zh    38581 Nov 19 15:52 cmscp.py
-rw-------.  1 cms149 zh      538 Dec  4 19:48 cmscpReport.sh
-rwx------.  1 cms149 zh    29289 Dec  4 19:43 condor_exec.exe
-rw-------.  1 cms149 zh      485 Dec  4 19:17 crab.cfg
-rwx------.  1 cms149 zh     8610 Nov 19 15:52 crabWatchdog.sh
-rwx---r--.  1 cms149 zh   162971 Dec  4 19:47 crab_fjr_12.xml
-rwx------.  1 cms149 zh  2017507 Dec  4 19:43 default.tgz
-rwx------.  1 cms149 zh     4488 Nov 19 15:52 fillCrabFjr.py
-rw-------.  1 cms149 zh      300 Dec  4 19:44 inputsReport.txt
-rw-------.  1 cms149 zh      239 Dec  4 19:48 jobreport.txt
-rw-------.  1 cms149 zh    17352 Nov 19 15:52 parseCrabFjr.py
-rw-------.  1 cms149 zh      323 Dec  4 19:43 report.log
-rwx--x--x.  1 cms149 zh     1497 Nov 19 15:52 report.py
-rw-------.  1 cms149 zh      423 Dec  4 19:48 resultCopyFile
-rwx------.  1 cms149 zh     8351 Nov 19 15:52 writeCfg.py
-rw-------.  1 cms149 zh    10398 Dec  4 19:43 x509up_u45880
>>> Modify Job Report:
CMSSW_VERSION = CMSSW_7_3_0_pre3
/pool/grid/cmsplt01/home_cream_808517698/CREAM808517698/glide_UQxiEo/execute/dir_29689/ProdCommon/FwkJobRep/ModifyJobReport.py fjr /pool/grid/cmsplt01/home_cream_808517698/CREAM808517698/glide_UQxiEo/execute/dir_29689/crab_fjr_12.xml json /pool/grid/cmsplt01/home_cream_808517698/CREAM808517698/glide_UQxiEo/execute/dir_29689/resultCopyFile n_job 12_1_7Dm PrimaryDataset RelValQCD_FlatPt_15_3000HS_13  ApplicationFamily cmsRun ApplicationName cmsRun cmssw_version CMSSW_7_3_0_pre3 psethash 94c7102f2fc06aea41054bf3e0415a25
inputDict =  {u'/pool/grid/cmsplt01/home_cream_808517698/CREAM808517698/glide_UQxiEo/execute/dir_29689/CMSSW_7_3_0_pre3/PFL2_out_All10000Events_12_1_7Dm.root': {u'endpoint': u'srm://cmseos.fnal.gov:8443/srm/v2/server?SFN=/eos/uscms//store/user/yxin/Service/', u'surl_for_grid': u'', u'reason': u'Copy succedeed with srm-lcg utils', u'erCode': u'0', u'PNN': u'cmseos.fnal.gov', u'se_name': u'cmseos.fnal.gov', u'for_lfn': u'/store/user/yxin/Service/'}}
UserProcessedDataset =  
WORKING ON EDM FILE
file_name in inputDict =  /pool/grid/cmsplt01/home_cream_808517698/CREAM808517698/glide_UQxiEo/execute/dir_29689/CMSSW_7_3_0_pre3/PFL2_out_All10000Events_12_1_7Dm.root
(size) os.stat(filename)[6] =  173877824
checksum =  117360620
    file =  PFL2_out_All10000Events_12_1_7Dm.root
    newPfn =  srm://cmseos.fnal.gov:8443/srm/v2/server?SFN=/eos/uscms//store/user/yxin/Service/PFL2_out_All10000Events_12_1_7Dm.root
    newLfn =  /store/user/yxin/Service/PFL2_out_All10000Events_12_1_7Dm.root
>>> crab_fjr_*.xml  permission set to 0704
CrabWrapper EXIT_FUNC entered at Thu Dec  4 19:48:30 CET 2014   -  Thu Dec  4 18:48:30 UTC 2014
Checking output files:  
will tar file crab_fjr_12.xml in  out_files_12
WARNING: output file CMSSW_12.stdout not found!
WARNING: output file CMSSW_12.stderr not found!
WARNING: output file Watchdog_12.log.gz not found!
>>> padding time: Sleeping the wrapper for 324 seconds
STOPPING WATCHDOG. CrabWatchdog PID is 29941
********** LAST 50 LINES OF WATCHDOG LOG
# RESOURCE USAGE SUMMARY FOR PROCESS ID 29729
USER       PID %CPU %MEM    VSZ   RSS TTY      STAT START   TIME COMMAND
cms149   29729  1.0  0.0  11632  1780 ?        SN   19:43   0:00 /bin/sh /home/grid/cmsplt01/home_cream_808517698/CREAM808517698/glide_UQxiEo/execute/dir_29689/condor_exec.exe 12 1
 
# LIMITS USED BY CRAB WATCHDOG:
# RSS  (KBytes)   : 2300000
# VSZ  (KBytes)   : 100000000
# DISK (MBytes)   : 19000
# CPU TIME        : 720h:0m:0s
# WALL CLOCK TIME : 21h:50m:0s
 
# FOLLOWING PRINTOUT TRACKS MAXIMUM VALUES OF RESOURCES USE
# ONE LINE IS PRINTED EACH TIME A MAXIMUM CHANGES
# IF CHANGE WAS IN RSS OR VSZ ALSO PROCID AND COMMAND ARE PRINTED
# THERE IS NO PRINTOUT FOR CPU/WALL TIME INCREASE
 
# TIME			PID	RSS(KB)	VSZ(KB)	Dsk(MB)	tCPU(s)	tWALL(s)	COMMAND
 Dec 04 19:44:01 CET	29729	1780	11632	0	0	0	/bin/sh /home/grid/cmsplt01/home_cream_808517698/CREAM808517698/glide_UQxiEo/execute/dir_29689/condor_exec.exe 12 1       
 Dec 04 19:44:01 CET	29953	27708	100112	0	0	0	edmConfigHash pset.py         
 Dec 04 19:44:01 CET	---	27708	100112	26	----	----	----
 Dec 04 19:45:01 CET	30116	177308	262092	26	8	61	cmsRun -j /pool/grid/cmsplt01/home_cream_808517698/CREAM808517698/glide_UQxiEo/execute/dir_29689/crab_fjr_12.xml -p pset.py      
 Dec 04 19:45:01 CET	---	177308	262092	36	----	----	----
 Dec 04 19:46:02 CET	30116	705720	1020548	36	59	121	cmsRun -j /pool/grid/cmsplt01/home_cream_808517698/CREAM808517698/glide_UQxiEo/execute/dir_29689/crab_fjr_12.xml -p pset.py      
 Dec 04 19:46:02 CET	---	705720	1020548	53	----	----	----
 Dec 04 19:47:02 CET	30116	722152	1049988	53	118	182	cmsRun -j /pool/grid/cmsplt01/home_cream_808517698/CREAM808517698/glide_UQxiEo/execute/dir_29689/crab_fjr_12.xml -p pset.py      
 Dec 04 19:47:02 CET	---	722152	1049988	153	----	----	----
 Dec 04 19:48:03 CET	---	722152	1049988	202	----	----	----
********** WATCHDOG LOG ENDED
ZIPPING WATCHDOG LOG
Disk space used:
du -sh /pool/grid/cmsplt01/home_cream_808517698/CREAM808517698/glide_UQxiEo/execute/dir_29689
202M	/pool/grid/cmsplt01/home_cream_808517698/CREAM808517698/glide_UQxiEo/execute/dir_29689
Found unusual stdout, rename for OSB
`/pool/grid/cmsplt01/home_cream_808517698/CREAM808517698/glide_UQxiEo/execute/dir_29689/_condor_stdout' -> `CMSSW_12.stdout'
Found unusual stderr, rename for OSB
`/pool/grid/cmsplt01/home_cream_808517698/CREAM808517698/glide_UQxiEo/execute/dir_29689/_condor_stdout' -> `CMSSW_12.stderr'
crab_fjr_12.xml
CMSSW_12.stdout
CMSSW_12.stderr
Watchdog_12.log.gz
Total Output dimension: 24848
WARNING: output files size limit is set to: 50000000
Total Output dimension 24848 is fine.
JOB_EXIT_STATUS = 0
>>> info for dashboard:
***** Cat /pool/grid/cmsplt01/home_cream_808517698/CREAM808517698/glide_UQxiEo/execute/dir_29689/jobreport.txt *****
MonitorJobID=12_https://submit-4.t2.ucsd.edu//141204//533307.11
MonitorID=yxin_ServiceWork_k7w93h
ExeTime=159
ExeExitCode=0
StageOutExitStatusReason = 'Copy succedeed with srm-lcg utils'
StageOutSE = cmseos.fnal.gov
StageOutExitStatus = 0
CrabUserCpuTime=137.52
CrabSysCpuTime=9.23
CrabCpuPercentage=91%
CrabWrapperTime=600
CrabStageoutTime=49
JobExitCode=0
***** End Cat jobreport *****
Parameters sent to Dashboard.
EXITING at Thu Dec  4 19:53:59 CET 2014  -  Thu Dec  4 18:53:59 UTC 2014
