This script was generated by crab (version 2.11.1_patch1).
Running /home/grid/cmsplt01/home_cream_646468405/CREAM646468405/glide_jEhwo2/execute/dir_4934/condor_exec.exe with 2 positional parameters: 13 1
Today is Thu Dec  4 19:45:40 CET 2014 - Thu Dec  4 18:45:40 UTC 2014
Job submitted on host b69126b770
Linux b69126b770 2.6.32-431.29.2.el6.x86_64 #1 SMP Wed Sep 10 11:13:12 CEST 2014 x86_64 x86_64 x86_64 GNU/Linux
Distributor ID:	ScientificCERNSLC
Description:	Scientific Linux CERN SLC release 6.6 (Carbon)
>>> current directory (RUNTIME_AREA): /pool/grid/cmsplt01/home_cream_646468405/CREAM646468405/glide_jEhwo2/execute/dir_4934
>>> current user: uid=8415(cms149) gid=1399(zh) groups=1399(zh),1094744312 context=unconfined_u:system_r:initrc_t:s0
>>> directory permission set to 0700
>>> umask set to:  u=rwx,g=,o=
>>> stdout stderr permission set to 0704
>>> voms proxy information:
subject   : /DC=ch/DC=cern/OU=Organic Units/OU=Users/CN=yxin/CN=728251/CN=Yongjie Xin/CN=1425571799/CN=945813084
issuer    : /DC=ch/DC=cern/OU=Organic Units/OU=Users/CN=yxin/CN=728251/CN=Yongjie Xin/CN=1425571799
identity  : /DC=ch/DC=cern/OU=Organic Units/OU=Users/CN=yxin/CN=728251/CN=Yongjie Xin
type      : RFC3820 compliant limited proxy
strength  : 1024
path      : /home/grid/cmsplt01/home_cream_646468405/CREAM646468405/glide_jEhwo2/execute/dir_4934/x509up_u45880
timeleft  : 23:59:49
key usage : Digital Signature, Key Encipherment
=== VO cms extension information ===
VO        : cms
subject   : /DC=ch/DC=cern/OU=Organic Units/OU=Users/CN=yxin/CN=728251/CN=Yongjie Xin
issuer    : /DC=ch/DC=cern/OU=computers/CN=voms2.cern.ch
attribute : /cms/Role=NULL/Capability=NULL
attribute : /cms/uscms/Role=NULL/Capability=NULL
timeleft  : 191:20:36
uri       : voms2.cern.ch:15002

WNHostName=b69126b770
$_CONDOR_JOB_AD =/home/grid/cmsplt01/home_cream_646468405/CREAM646468405/glide_jEhwo2/execute/dir_4934/.job.ad
OverflowFlag=0
>>> tar --no-same-permissions -xf /pool/grid/cmsplt01/home_cream_646468405/CREAM646468405/glide_jEhwo2/execute/dir_4934/default.tgz :
Successful untar
>>> Include /pool/grid/cmsplt01/home_cream_646468405/CREAM646468405/glide_jEhwo2/execute/dir_4934 in PYTHONPATH:
strip arguments
env var CRAB_UNIQUE_JOB_ID set to: yxin_ServiceWork_k7w93h_13_1_T85
out_files_13
>>> list of expected files on output sandbox
output files: crab_fjr_13.xml CMSSW_13.stdout CMSSW_13.stderr Watchdog_13.log.gz
>>> GridFlavour discovery: 
GridFlavour=LCG
>>> SyncSite discovery: 
SyncSite=T2_CH_CERN
>>> SyncCE discovery: 
getting SyncCE from CE_ID
SyncCE=ce408.cern.ch:8443/cream-lsf-grid_cms
>>> info for dashboard:
***** Cat /pool/grid/cmsplt01/home_cream_646468405/CREAM646468405/glide_jEhwo2/execute/dir_4934/jobreport.txt *****
WNHostName=b69126b770
OverflowFlag=0
MonitorJobID=13_https://submit-4.t2.ucsd.edu//141204//533307.12
SyncGridJobId=https://submit-4.t2.ucsd.edu//141204//533307.12
MonitorID=yxin_ServiceWork_k7w93h
GridFlavour=LCG
SyncSite=T2_CH_CERN
SyncCE=ce408.cern.ch:8443/cream-lsf-grid_cms
***** End Cat jobreport *****
Parameters sent to Dashboard.
>>> setup environment
set SCRAM ARCH to slc6_amd64_gcc481
SCRAM_ARCH = slc6_amd64_gcc481
>>> setup CMS LCG environment:
set SCRAM ARCH and BUILD_ARCH to slc6_amd64_gcc481 ###
Sourcing environment... 
sourcing /cvmfs/cms.cern.ch/cmsset_default.sh
==> setup cms environment ok
>>> specific cmssw setup environment:
CMSSW_VERSION =  CMSSW_7_3_0_pre3
WARNING: Developer's area is created for non-production architecture slc6_amd64_gcc481. Production architecture for this release is slc6_amd64_gcc491.
>>> current directory (SOFTWARE_DIR): /pool/grid/cmsplt01/home_cream_646468405/CREAM646468405/glide_jEhwo2/execute/dir_4934/CMSSW_7_3_0_pre3
PreserveSeeds: <>
IncrementSeeds:<>
>>> info for dashboard:
***** Cat /pool/grid/cmsplt01/home_cream_646468405/CREAM646468405/glide_jEhwo2/execute/dir_4934/jobreport.txt *****
MonitorJobID=13_https://submit-4.t2.ucsd.edu//141204//533307.12
MonitorID=yxin_ServiceWork_k7w93h
***** End Cat jobreport *****
Parameters sent to Dashboard.
crabWatchdog started as process 5218
>>> moving CMSSW software directories in /pool/grid/cmsplt01/home_cream_646468405/CREAM646468405/glide_jEhwo2/execute/dir_4934/CMSSW_7_3_0_pre3
mv: cannot stat `/pool/grid/cmsplt01/home_cream_646468405/CREAM646468405/glide_jEhwo2/execute/dir_4934/module/': No such file or directory
>>> Include /pool/grid/cmsplt01/home_cream_646468405/CREAM646468405/glide_jEhwo2/execute/dir_4934 in PYTHONPATH:
PYTHONPATH=/pool/grid/cmsplt01/home_cream_646468405/CREAM646468405/glide_jEhwo2/execute/dir_4934/:/pool/grid/cmsplt01/home_cream_646468405/CREAM646468405/glide_jEhwo2/execute/dir_4934/CMSSW_7_3_0_pre3/python:/pool/grid/cmsplt01/home_cream_646468405/CREAM646468405/glide_jEhwo2/execute/dir_4934/CMSSW_7_3_0_pre3/lib/slc6_amd64_gcc481:/cvmfs/cms.cern.ch/slc6_amd64_gcc481/cms/cmssw/CMSSW_7_3_0_pre3/python:/cvmfs/cms.cern.ch/slc6_amd64_gcc481/cms/cmssw/CMSSW_7_3_0_pre3/lib/slc6_amd64_gcc481:/cvmfs/cms.cern.ch/slc6_amd64_gcc481/cms/coral/CORAL_2_3_21-cms37/slc6_amd64_gcc481/python:/cvmfs/cms.cern.ch/slc6_amd64_gcc481/cms/coral/CORAL_2_3_21-cms37/slc6_amd64_gcc481/lib:/cvmfs/cms.cern.ch/slc6_amd64_gcc481/external/pyqt/4.8.1-cms2/lib/python2.7/site-packages:/cvmfs/cms.cern.ch/slc6_amd64_gcc481/external/py2-scipy/0.8.0-cms2/lib/python2.7/site-packages:/cvmfs/cms.cern.ch/slc6_amd64_gcc481/external/py2-matplotlib/1.2.1-cms3/lib/python2.7/site-packages:/cvmfs/cms.cern.ch/slc6_amd64_gcc481/external/yoda/1.1.0-cms/lib/python2.7/site-packages:/cvmfs/cms.cern.ch/slc6_amd64_gcc481/external/python-ldap/2.4.10-cms2/lib/python2.7/site-packages:/cvmfs/cms.cern.ch/slc6_amd64_gcc481/external/sip/4.11.2-cms2/lib/python2.7/site-packages:/cvmfs/cms.cern.ch/slc6_amd64_gcc481/external/llvm/3.5-cms/lib/python2.7/site-packages:/cvmfs/cms.cern.ch/slc6_amd64_gcc481/external/py2-sqlalchemy/0.8.2-cms3/lib/python2.7/site-packages:/cvmfs/cms.cern.ch/slc6_amd64_gcc481/external/py2-pytz/2014.7/lib/python2.7/site-packages:/cvmfs/cms.cern.ch/slc6_amd64_gcc481/external/py2-pycurl/7.19.0-cms2/lib/python2.7/site-packages:/cvmfs/cms.cern.ch/slc6_amd64_gcc481/external/py2-python-dateutil/1.1-cms2/lib/python2.7/site-packages:/cvmfs/cms.cern.ch/slc6_amd64_gcc481/external/py2-numpy/1.6.1-cms2/lib/python2.7/site-packages:/cvmfs/cms.cern.ch/slc6_amd64_gcc481/external/py2-lint/0.25.1-cms2/lib/python2.7/site-packages:/cvmfs/cms.cern.ch/slc6_amd64_gcc481/external/py2-ipython/0.10-cms2/lib/python2.7/site-packages:/cvmfs/cms.cern.ch/slc6_amd64_gcc481/external/py2-dxr/1.0/lib/python2.7/site-packages:/cvmfs/cms.cern.ch/slc6_amd64_gcc481/external/py2-cx-oracle/5.1-cms3/lib/python2.7/site-packages:/cvmfs/cms.cern.ch/slc6_amd64_gcc481/external/py2-cjson/1.0.5-cms2/lib/python2.7/site-packages:/cvmfs/cms.cern.ch/slc6_amd64_gcc481/external/frontier_client/2.8.11/python/lib:/cvmfs/cms.cern.ch/slc6_amd64_gcc481/cms/das-client/2.5.0-cms/bin:/cvmfs/cms.cern.ch/slc6_amd64_gcc481/external/cython/0.19.1-cms2/lib/python2.7/site-packages:/cvmfs/cms.cern.ch/slc6_amd64_gcc481/external/rivet/2.1.2-cms4/lib/python2.7/site-packages:/cvmfs/cms.cern.ch/slc6_amd64_gcc481/external/pyminuit2/0.0.1-cms29/lib/python2.7/site-packages:/cvmfs/cms.cern.ch/slc6_amd64_gcc481/external/py2-pygithub/1.23.0-cms/lib/python2.7/site-packages:/cvmfs/cms.cern.ch/slc6_amd64_gcc481/external/py2-networkx/1.8.1-cms2/lib/python2.7/site-packages:/cvmfs/cms.cern.ch/slc6_amd64_gcc481/external/py2-pygments/1.6/lib/python2.7/site-packages:/cvmfs/cms.cern.ch/slc6_amd64_gcc481/external/py2-parsimonious/0.6.1/lib/python2.7/site-packages:/cvmfs/cms.cern.ch/slc6_amd64_gcc481/external/py2-ordereddict/1.1/lib/python2.7/site-packages:/cvmfs/cms.cern.ch/slc6_amd64_gcc481/external/py2-markupsafe/0.23/lib/python2.7/site-packages:/cvmfs/cms.cern.ch/slc6_amd64_gcc481/external/py2-jinja/2.7.2/lib/python2.7/site-packages:/cvmfs/cms.cern.ch/slc6_amd64_gcc481/external/py2-futures/2.2.0/lib/python2.7/site-packages:/cvmfs/cms.cern.ch/slc6_amd64_gcc481/external/py2-dablooms/0.9.1/lib/python2.7/site-packages:/cvmfs/cms.cern.ch/slc6_amd64_gcc481/external/professor/1.0.0-cms29/lib/python2.7/site-packages:/cvmfs/cms.cern.ch/slc6_amd64_gcc481/lcg/root/5.34.18-cms14/lib:/cvmfs/cms.cern.ch/slc6_amd64_gcc481/cms/dbs-client/DBS_2_1_9-cms2/lib:/cvmfs/cms.cern.ch/slc6_amd64_gcc481/cms/dbs-client/DBS_2_1_9-cms2/lib/DBSAPI:/cvmfs/cms.cern.ch/slc6_amd64_gcc481/external/cvs2git/5419-cms2/lib:/pool/grid/cmsplt01/home_cream_646468405/CREAM646468405/glide_jEhwo2/execute/dir_4934/
 
# LIMITS USED BY CRAB WATCHDOG:
# RSS  (KBytes)   : 2300000
# VSZ  (KBytes)   : 100000000
# DISK (MBytes)   : 19000
# CPU TIME        : 720h:0m:0s
# WALL CLOCK TIME : 21h:50m:0s
 
94c7102f2fc06aea41054bf3e0415a25
PSETHASH = 94c7102f2fc06aea41054bf3e0415a25
/pool/grid/cmsplt01/home_cream_646468405/CREAM646468405/glide_jEhwo2/execute/dir_4934/writeCfg.py pset.py pset.py
Importing .py file
Setting parameters
RandomNumberGeneratorService found, will attempt to change seeds
inputBlocks=/RelValQCD_FlatPt_15_3000HS_13/CMSSW_7_3_0_pre3-MCRUN2_73_V5-v1/GEN-SIM-RECO#c1f55c6c-7772-11e4-86df-003048c9c3fe
inputFiles=/store/relval/CMSSW_7_3_0_pre3/RelValQCD_FlatPt_15_3000HS_13/GEN-SIM-RECO/MCRUN2_73_V5-v1/00000/7EC17A08-6277-E411-9543-02163E010DBE.root
parentFiles=
lumisRange=
>>> Executable cmsRun
/cvmfs/cms.cern.ch/slc6_amd64_gcc481/cms/cmssw/CMSSW_7_3_0_pre3/bin/slc6_amd64_gcc481/cmsRun
ok executable found
>>> info for dashboard:
***** Cat /pool/grid/cmsplt01/home_cream_646468405/CREAM646468405/glide_jEhwo2/execute/dir_4934/jobreport.txt *****
MonitorJobID=13_https://submit-4.t2.ucsd.edu//141204//533307.12
MonitorID=yxin_ServiceWork_k7w93h
ExeStart=cmsRun
***** End Cat jobreport *****
Parameters sent to Dashboard.
>>> cmsRun started at Thu Dec  4 18:46:47 UTC 2014
>>> cmsRun ended at Thu Dec  4 18:50:12 UTC 2014
>>> crab_fjr_*.xml  permission set to 0704
>>> info for dashboard:
***** Cat /pool/grid/cmsplt01/home_cream_646468405/CREAM646468405/glide_jEhwo2/execute/dir_4934/jobreport.txt *****
MonitorJobID=13_https://submit-4.t2.ucsd.edu//141204//533307.12
MonitorID=yxin_ServiceWork_k7w93h
ExeEnd=cmsRun
***** End Cat jobreport *****
Parameters sent to Dashboard.
TIME_EXE = 205 sec
>>> cmsRun wrote 24 lines of stdout+stderr
>>> START OF printout of 24 lines from stdout+stderr
04-Dec-2014 19:47:42 CET  Initiating request to open file root://eoscms//eos/cms/store/relval/CMSSW_7_3_0_pre3/RelValQCD_FlatPt_15_3000HS_13/GEN-SIM-RECO/MCRUN2_73_V5-v1/00000/7EC17A08-6277-E411-9543-02163E010DBE.root?svcClass=default
04-Dec-2014 19:47:45 CET  Successfully opened file root://eoscms//eos/cms/store/relval/CMSSW_7_3_0_pre3/RelValQCD_FlatPt_15_3000HS_13/GEN-SIM-RECO/MCRUN2_73_V5-v1/00000/7EC17A08-6277-E411-9543-02163E010DBE.root?svcClass=default
Begin processing the 1st record. Run 1, Event 48293, LumiSection 483 at 04-Dec-2014 19:48:15.191 CET
Begin processing the 101st record. Run 1, Event 48793, LumiSection 488 at 04-Dec-2014 19:48:57.088 CET
Begin processing the 201st record. Run 1, Event 48993, LumiSection 490 at 04-Dec-2014 19:49:47.265 CET
04-Dec-2014 19:50:08 CET  Closed file root://eoscms//eos/cms/store/relval/CMSSW_7_3_0_pre3/RelValQCD_FlatPt_15_3000HS_13/GEN-SIM-RECO/MCRUN2_73_V5-v1/00000/7EC17A08-6277-E411-9543-02163E010DBE.root?svcClass=default

=============================================

MessageLogger Summary

 type     category        sev    module        subroutine        count    total
 ---- -------------------- -- ---------------- ----------------  -----    -----
    1 fileAction           -s file_close                             1        1
    2 fileAction           -s file_open                              2        2

 type    category    Examples: run/evt        run/evt          run/evt
 ---- -------------------- ---------------- ---------------- ----------------
    1 fileAction           PostEndRun                        
    2 fileAction           pre-events       pre-events       

Severity    # Occurrences   Total Occurrences
--------    -------------   -----------------
System                  3                   3
>>> END OF printout of 24 lines from stdout+stderr
>>> Parse FrameworkJobReport crab_fjr.xml
Result of parsing the FrameworkJobReport crab_fjr.xml: Popularity start
lumisRange : 1::483,488,490,500::1;
lumisParentRange : 
Basename : /store/relval/CMSSW_7_3_0_pre3/RelValQCD_FlatPt_15_3000HS_13/GEN-SIM-RECO/MCRUN2_73_V5-v1/00000/
BasenameParent : 
parentFiles : 
inputBlocks : /RelValQCD_FlatPt_15_3000HS_13/CMSSW_7_3_0_pre3-MCRUN2_73_V5-v1/GEN-SIM-RECO#c1f55c6c-7772-11e4-86df-003048c9c3fe
inputFiles : 7EC17A08-6277-E411-9543-02163E010DBE.root::1::EDM::Local::1;
Popularity stop
Extracted ExitStatus from FrameworkJobReport parsing output: 0
>>> Executable succeded  0
ExeExitCode=0
EXECUTABLE_EXIT_STATUS = 0
>>> current directory /pool/grid/cmsplt01/home_cream_646468405/CREAM646468405/glide_jEhwo2/execute/dir_4934/CMSSW_7_3_0_pre3
>>>  (SOFTWARE_DIR): /pool/grid/cmsplt01/home_cream_646468405/CREAM646468405/glide_jEhwo2/execute/dir_4934/CMSSW_7_3_0_pre3
>>> (WORKING_DIR): 
>>> current directory content:
total 200104
drwxr-xr-x. 3 cms149 zh      4096 Dec  4 19:45 .SCRAM
-rw-------. 1 cms149 zh  10330614 Dec  4 19:45 CMSSW.py.pkl
-rw-------. 1 cms149 zh 184152937 Dec  4 19:50 PFL2_out_All10000Events.root
drwxr-xr-x. 3 cms149 zh      4096 Dec  4 19:45 biglib
drwxr-xr-x. 3 cms149 zh      4096 Dec  4 19:45 bin
drwxr-xr-x. 3 cms149 zh      4096 Dec  4 19:45 cfipython
drwxr-xr-x. 4 cms149 zh      4096 Dec  4 19:45 config
-rw-------. 1 cms149 zh        17 Dec  4 19:50 cpu_timing.txt
drwxr-xr-x. 2 cms149 zh      4096 Dec  4 19:45 doc
-rw-------. 1 cms149 zh      1789 Dec  4 19:50 executable.out
drwxr-xr-x. 2 cms149 zh      4096 Dec  4 19:45 include
drwx------. 3 cms149 zh      4096 Dec  4 17:32 lib
drwxr-xr-x. 3 cms149 zh      4096 Dec  4 19:45 logs
drwxr-xr-x. 3 cms149 zh      4096 Dec  4 19:45 objs
-rw-------. 1 cms149 zh       104 Dec  4 19:46 pset.py
-rw-------. 1 cms149 zh  10333424 Dec  4 19:46 pset.py.pkl
-rw-------. 1 cms149 zh       289 Dec  4 19:46 pset.pyc
drwxr-xr-x. 2 cms149 zh      4096 Dec  4 19:45 python
-rw-------. 1 cms149 zh       365 Dec  4 19:50 report.log
drwx------. 3 cms149 zh      4096 Dec  4 19:45 src
drwxr-xr-x. 3 cms149 zh      4096 Dec  4 19:45 test
drwxr-xr-x. 3 cms149 zh      4096 Dec  4 19:45 tmp
>>> current directory /pool/grid/cmsplt01/home_cream_646468405/CREAM646468405/glide_jEhwo2/execute/dir_4934/CMSSW_7_3_0_pre3
>>> (SOFTWARE_DIR): /pool/grid/cmsplt01/home_cream_646468405/CREAM646468405/glide_jEhwo2/execute/dir_4934/CMSSW_7_3_0_pre3
>>> (WORKING_DIR): 
>>> current directory content:
total 200104
drwxr-xr-x. 3 cms149 zh      4096 Dec  4 19:45 .SCRAM
-rw-------. 1 cms149 zh  10330614 Dec  4 19:45 CMSSW.py.pkl
-rw-------. 1 cms149 zh 184152937 Dec  4 19:50 PFL2_out_All10000Events_13_1_T85.root
drwxr-xr-x. 3 cms149 zh      4096 Dec  4 19:45 biglib
drwxr-xr-x. 3 cms149 zh      4096 Dec  4 19:45 bin
drwxr-xr-x. 3 cms149 zh      4096 Dec  4 19:45 cfipython
drwxr-xr-x. 4 cms149 zh      4096 Dec  4 19:45 config
-rw-------. 1 cms149 zh        17 Dec  4 19:50 cpu_timing.txt
drwxr-xr-x. 2 cms149 zh      4096 Dec  4 19:45 doc
-rw-------. 1 cms149 zh      1789 Dec  4 19:50 executable.out
drwxr-xr-x. 2 cms149 zh      4096 Dec  4 19:45 include
drwx------. 3 cms149 zh      4096 Dec  4 17:32 lib
drwxr-xr-x. 3 cms149 zh      4096 Dec  4 19:45 logs
drwxr-xr-x. 3 cms149 zh      4096 Dec  4 19:45 objs
-rw-------. 1 cms149 zh       104 Dec  4 19:46 pset.py
-rw-------. 1 cms149 zh  10333424 Dec  4 19:46 pset.py.pkl
-rw-------. 1 cms149 zh       289 Dec  4 19:46 pset.pyc
drwxr-xr-x. 2 cms149 zh      4096 Dec  4 19:45 python
-rw-------. 1 cms149 zh       365 Dec  4 19:50 report.log
drwx------. 3 cms149 zh      4096 Dec  4 19:45 src
drwxr-xr-x. 3 cms149 zh      4096 Dec  4 19:45 test
drwxr-xr-x. 3 cms149 zh      4096 Dec  4 19:45 tmp
>>> current directory (RUNTIME_AREA):  /pool/grid/cmsplt01/home_cream_646468405/CREAM646468405/glide_jEhwo2/execute/dir_4934
PNN = cmseos.fnal.gov
SE = cmseos.fnal.gov
SE_PATH = /srm/v2/server?SFN=/eos/uscms//store/user/yxin/Service/
LFNBaseName = /store/user/yxin/Service/
USER = yxin
endpoint = srm://cmseos.fnal.gov:8443/srm/v2/server?SFN=/eos/uscms//store/user/yxin/Service/
>>> Copy output files from WN = b69126b770 to /srm/v2/server?SFN=/eos/uscms//store/user/yxin/Service/ :
python cmscp.py  --destination srm://cmseos.fnal.gov:8443/srm/v2/server?SFN=/eos/uscms//store/user/yxin/Service/ --inputFileList /pool/grid/cmsplt01/home_cream_646468405/CREAM646468405/glide_jEhwo2/execute/dir_4934/CMSSW_7_3_0_pre3/PFL2_out_All10000Events_13_1_T85.root --middleware LCG --PNN cmseos.fnal.gov --se_name cmseos.fnal.gov --for_lfn /store/user/yxin/Service/    
******************************************************
localSeName  =  srm-eoscms.cern.ch
remoteSeName =  cmseos.fnal.gov
******************************************************
{"/pool/grid/cmsplt01/home_cream_646468405/CREAM646468405/glide_jEhwo2/execute/dir_4934/CMSSW_7_3_0_pre3/PFL2_out_All10000Events_13_1_T85.root": {"endpoint": "srm://cmseos.fnal.gov:8443/srm/v2/server?SFN=/eos/uscms//store/user/yxin/Service/", "surl_for_grid": "", "reason": "Copy succedeed with srm-lcg utils", "erCode": "0", "PNN": "cmseos.fnal.gov", "se_name": "cmseos.fnal.gov", "for_lfn": "/store/user/yxin/Service/"}}/pool/grid/cmsplt01/home_cream_646468405/CREAM646468405/glide_jEhwo2/execute/dir_4934
-------- cat /pool/grid/cmsplt01/home_cream_646468405/CREAM646468405/glide_jEhwo2/execute/dir_4934/cmscpReport.sh 
#!/bin/bash
echo "Report for File: /pool/grid/cmsplt01/home_cream_646468405/CREAM646468405/glide_jEhwo2/execute/dir_4934/CMSSW_7_3_0_pre3/PFL2_out_All10000Events_13_1_T85.root"
echo "LFN: /store/user/yxin/Service/PFL2_out_All10000Events_13_1_T85.root"
echo "StorageElement: cmseos.fnal.gov"
echo "StageOutExitStatusReason = 'Copy succedeed with srm-lcg utils'" | tee -a $RUNTIME_AREA/$repo
echo "StageOutSE = cmseos.fnal.gov" >> $RUNTIME_AREA/$repo

export StageOutExitStatus=0
echo "StageOutExitStatus = 0" | tee -a $RUNTIME_AREA/$repo
-------- end of /pool/grid/cmsplt01/home_cream_646468405/CREAM646468405/glide_jEhwo2/execute/dir_4934/cmscpReport.sh 
Report for File: /pool/grid/cmsplt01/home_cream_646468405/CREAM646468405/glide_jEhwo2/execute/dir_4934/CMSSW_7_3_0_pre3/PFL2_out_All10000Events_13_1_T85.root
LFN: /store/user/yxin/Service/PFL2_out_All10000Events_13_1_T85.root
StorageElement: cmseos.fnal.gov
StageOutExitStatusReason = 'Copy succedeed with srm-lcg utils'
StageOutExitStatus = 0
>>> current dir: /pool/grid/cmsplt01/home_cream_646468405/CREAM646468405/glide_jEhwo2/execute/dir_4934
>>> current dir content:
total 12712
-rw-------.  1 cms149 zh     2790 Dec  4 19:51 .SEinteraction.log
-rwx------.  1 cms149 zh       52 Dec  4 19:45 .chirp_config
-rwx------.  1 cms149 zh     7925 Dec  4 19:45 .job.ad
-rwx------.  1 cms149 zh     9780 Dec  4 19:45 .machine.ad
-rw-------.  1 cms149 zh      105 Dec  4 19:17 CMSSW.py
-rw-------.  1 cms149 zh 10330614 Dec  4 19:17 CMSSW.py.pkl
-rwx------.  1 cms149 zh    29289 Dec  4 19:45 CMSSW.sh
drwxr-xr-x. 16 cms149 zh     4096 Dec  4 19:50 CMSSW_7_3_0_pre3
-rw-------.  1 cms149 zh      581 Dec  4 19:45 CacheEnv.sh
-rw-------.  1 cms149 zh     7291 Nov 19 15:52 DashboardAPI.py
-rw-------.  1 cms149 zh     6905 Dec  4 19:45 DashboardAPI.pyc
drwx------.  2 cms149 zh     4096 Dec  4 19:50 IMProv
-rw-------.  1 cms149 zh     2748 Nov 19 15:52 Logger.py
-rw-------.  1 cms149 zh     3377 Dec  4 19:45 Logger.pyc
lrwxrwxrwx.  1 cms149 zh      140 Dec  4 19:50 PFL2_out_All10000Events.root -> /pool/grid/cmsplt01/home_cream_646468405/CREAM646468405/glide_jEhwo2/execute/dir_4934/CMSSW_7_3_0_pre3/PFL2_out_All10000Events_13_1_T85.root
-rw-------.  1 cms149 zh    24524 Nov 19 15:52 ProcInfo.py
-rw-------.  1 cms149 zh    23341 Dec  4 19:45 ProcInfo.pyc
drwx------.  7 cms149 zh     4096 Dec  4 19:46 ProdCommon
drwx------.  3 cms149 zh     4096 Dec  4 19:45 WMCore
-rw-------.  1 cms149 zh     2016 Dec  4 19:50 Watchdog_13.log
-rwx------.  1 cms149 zh        0 Dec  4 19:45 _condor_stderr
-rwx---r--.  1 cms149 zh    18653 Dec  4 19:51 _condor_stdout
-rw-------.  1 cms149 zh    32895 Nov 19 15:52 apmon.py
-rw-------.  1 cms149 zh    28799 Dec  4 19:45 apmon.pyc
-rwx------.  1 cms149 zh    70708 Dec  4 19:45 arguments.xml
-rwx------.  1 cms149 zh    38581 Nov 19 15:52 cmscp.py
-rw-------.  1 cms149 zh      537 Dec  4 19:51 cmscpReport.sh
-rwx------.  1 cms149 zh    29289 Dec  4 19:45 condor_exec.exe
-rw-------.  1 cms149 zh      485 Dec  4 19:17 crab.cfg
-rwx------.  1 cms149 zh     8610 Nov 19 15:52 crabWatchdog.sh
-rwx---r--.  1 cms149 zh   163024 Dec  4 19:50 crab_fjr_13.xml
-rwx------.  1 cms149 zh  2017507 Dec  4 19:45 default.tgz
-rwx------.  1 cms149 zh     4488 Nov 19 15:52 fillCrabFjr.py
-rw-------.  1 cms149 zh      300 Dec  4 19:46 inputsReport.txt
-rw-------.  1 cms149 zh      239 Dec  4 19:51 jobreport.txt
-rw-------.  1 cms149 zh    17352 Nov 19 15:52 parseCrabFjr.py
-rw-------.  1 cms149 zh      323 Dec  4 19:45 report.log
-rwx--x--x.  1 cms149 zh     1497 Nov 19 15:52 report.py
-rw-------.  1 cms149 zh      422 Dec  4 19:51 resultCopyFile
-rwx------.  1 cms149 zh     8351 Nov 19 15:52 writeCfg.py
-rw-------.  1 cms149 zh    10402 Dec  4 19:45 x509up_u45880
>>> Modify Job Report:
CMSSW_VERSION = CMSSW_7_3_0_pre3
/pool/grid/cmsplt01/home_cream_646468405/CREAM646468405/glide_jEhwo2/execute/dir_4934/ProdCommon/FwkJobRep/ModifyJobReport.py fjr /pool/grid/cmsplt01/home_cream_646468405/CREAM646468405/glide_jEhwo2/execute/dir_4934/crab_fjr_13.xml json /pool/grid/cmsplt01/home_cream_646468405/CREAM646468405/glide_jEhwo2/execute/dir_4934/resultCopyFile n_job 13_1_T85 PrimaryDataset RelValQCD_FlatPt_15_3000HS_13  ApplicationFamily cmsRun ApplicationName cmsRun cmssw_version CMSSW_7_3_0_pre3 psethash 94c7102f2fc06aea41054bf3e0415a25
inputDict =  {u'/pool/grid/cmsplt01/home_cream_646468405/CREAM646468405/glide_jEhwo2/execute/dir_4934/CMSSW_7_3_0_pre3/PFL2_out_All10000Events_13_1_T85.root': {u'endpoint': u'srm://cmseos.fnal.gov:8443/srm/v2/server?SFN=/eos/uscms//store/user/yxin/Service/', u'surl_for_grid': u'', u'reason': u'Copy succedeed with srm-lcg utils', u'erCode': u'0', u'PNN': u'cmseos.fnal.gov', u'se_name': u'cmseos.fnal.gov', u'for_lfn': u'/store/user/yxin/Service/'}}
UserProcessedDataset =  
WORKING ON EDM FILE
file_name in inputDict =  /pool/grid/cmsplt01/home_cream_646468405/CREAM646468405/glide_jEhwo2/execute/dir_4934/CMSSW_7_3_0_pre3/PFL2_out_All10000Events_13_1_T85.root
(size) os.stat(filename)[6] =  184152937
checksum =  3992138330
    file =  PFL2_out_All10000Events_13_1_T85.root
    newPfn =  srm://cmseos.fnal.gov:8443/srm/v2/server?SFN=/eos/uscms//store/user/yxin/Service/PFL2_out_All10000Events_13_1_T85.root
    newLfn =  /store/user/yxin/Service/PFL2_out_All10000Events_13_1_T85.root
>>> crab_fjr_*.xml  permission set to 0704
CrabWrapper EXIT_FUNC entered at Thu Dec  4 19:51:09 CET 2014   -  Thu Dec  4 18:51:09 UTC 2014
Checking output files:  
will tar file crab_fjr_13.xml in  out_files_13
WARNING: output file CMSSW_13.stdout not found!
WARNING: output file CMSSW_13.stderr not found!
WARNING: output file Watchdog_13.log.gz not found!
>>> padding time: Sleeping the wrapper for 272 seconds
STOPPING WATCHDOG. CrabWatchdog PID is 5218
********** LAST 50 LINES OF WATCHDOG LOG
# RESOURCE USAGE SUMMARY FOR PROCESS ID  4965
USER       PID %CPU %MEM    VSZ   RSS TTY      STAT START   TIME COMMAND
cms149    4965  0.8  0.0  11632  1780 ?        SN   19:45   0:00 /bin/sh /home/grid/cmsplt01/home_cream_646468405/CREAM646468405/glide_jEhwo2/execute/dir_4934/condor_exec.exe 13 1
 
# LIMITS USED BY CRAB WATCHDOG:
# RSS  (KBytes)   : 2300000
# VSZ  (KBytes)   : 100000000
# DISK (MBytes)   : 19000
# CPU TIME        : 720h:0m:0s
# WALL CLOCK TIME : 21h:50m:0s
 
# FOLLOWING PRINTOUT TRACKS MAXIMUM VALUES OF RESOURCES USE
# ONE LINE IS PRINTED EACH TIME A MAXIMUM CHANGES
# IF CHANGE WAS IN RSS OR VSZ ALSO PROCID AND COMMAND ARE PRINTED
# THERE IS NO PRINTOUT FOR CPU/WALL TIME INCREASE
 
# TIME			PID	RSS(KB)	VSZ(KB)	Dsk(MB)	tCPU(s)	tWALL(s)	COMMAND
 Dec 04 19:45:48 CET	4965	1780	11632	0	0	0	/bin/sh /home/grid/cmsplt01/home_cream_646468405/CREAM646468405/glide_jEhwo2/execute/dir_4934/condor_exec.exe 13 1       
 Dec 04 19:45:48 CET	5230	27184	100104	0	0	1	edmConfigHash pset.py         
 Dec 04 19:45:48 CET	---	27184	100104	26	----	----	----
 Dec 04 19:46:49 CET	5600	55144	133328	26	1	61	cmsRun -j /pool/grid/cmsplt01/home_cream_646468405/CREAM646468405/glide_jEhwo2/execute/dir_4934/crab_fjr_13.xml -p pset.py      
 Dec 04 19:46:49 CET	---	55144	133328	36	----	----	----
 Dec 04 19:47:50 CET	5600	499036	732968	36	47	122	cmsRun -j /pool/grid/cmsplt01/home_cream_646468405/CREAM646468405/glide_jEhwo2/execute/dir_4934/crab_fjr_13.xml -p pset.py      
 Dec 04 19:48:50 CET	5600	717660	1038464	36	91	183	cmsRun -j /pool/grid/cmsplt01/home_cream_646468405/CREAM646468405/glide_jEhwo2/execute/dir_4934/crab_fjr_13.xml -p pset.py      
 Dec 04 19:48:50 CET	---	717660	1038464	97	----	----	----
 Dec 04 19:49:51 CET	5600	748056	1079168	97	150	243	cmsRun -j /pool/grid/cmsplt01/home_cream_646468405/CREAM646468405/glide_jEhwo2/execute/dir_4934/crab_fjr_13.xml -p pset.py      
 Dec 04 19:49:51 CET	---	748056	1079168	186	----	----	----
 Dec 04 19:50:51 CET	---	748056	1079168	212	----	----	----
********** WATCHDOG LOG ENDED
ZIPPING WATCHDOG LOG
Disk space used:
du -sh /pool/grid/cmsplt01/home_cream_646468405/CREAM646468405/glide_jEhwo2/execute/dir_4934
212M	/pool/grid/cmsplt01/home_cream_646468405/CREAM646468405/glide_jEhwo2/execute/dir_4934
Found unusual stdout, rename for OSB
`/pool/grid/cmsplt01/home_cream_646468405/CREAM646468405/glide_jEhwo2/execute/dir_4934/_condor_stdout' -> `CMSSW_13.stdout'
Found unusual stderr, rename for OSB
`/pool/grid/cmsplt01/home_cream_646468405/CREAM646468405/glide_jEhwo2/execute/dir_4934/_condor_stdout' -> `CMSSW_13.stderr'
crab_fjr_13.xml
CMSSW_13.stdout
CMSSW_13.stderr
Watchdog_13.log.gz
Total Output dimension: 24932
WARNING: output files size limit is set to: 50000000
Total Output dimension 24932 is fine.
JOB_EXIT_STATUS = 0
>>> info for dashboard:
***** Cat /pool/grid/cmsplt01/home_cream_646468405/CREAM646468405/glide_jEhwo2/execute/dir_4934/jobreport.txt *****
MonitorJobID=13_https://submit-4.t2.ucsd.edu//141204//533307.12
MonitorID=yxin_ServiceWork_k7w93h
ExeTime=205
ExeExitCode=0
StageOutExitStatusReason = 'Copy succedeed with srm-lcg utils'
StageOutSE = cmseos.fnal.gov
StageOutExitStatus = 0
CrabUserCpuTime=159.53
CrabSysCpuTime=10.46
CrabCpuPercentage=83%
CrabWrapperTime=601
CrabStageoutTime=49
JobExitCode=0
***** End Cat jobreport *****
Parameters sent to Dashboard.
EXITING at Thu Dec  4 19:55:46 CET 2014  -  Thu Dec  4 18:55:46 UTC 2014
