This script was generated by crab (version 2.11.1_patch1).
Running /home/grid/cmsplt01/home_cream_672261732/CREAM672261732/glide_eXwC3I/execute/dir_8081/condor_exec.exe with 2 positional parameters: 10 1
Today is Thu Dec  4 19:41:33 CET 2014 - Thu Dec  4 18:41:33 UTC 2014
Job submitted on host b6bb9551b8
Linux b6bb9551b8 2.6.32-431.29.2.el6.x86_64 #1 SMP Wed Sep 10 11:13:12 CEST 2014 x86_64 x86_64 x86_64 GNU/Linux
Distributor ID:	ScientificCERNSLC
Description:	Scientific Linux CERN SLC release 6.6 (Carbon)
>>> current directory (RUNTIME_AREA): /pool/grid/cmsplt01/home_cream_672261732/CREAM672261732/glide_eXwC3I/execute/dir_8081
>>> current user: uid=8415(cms149) gid=1399(zh) groups=1399(zh),1094746165 context=unconfined_u:system_r:initrc_t:s0
>>> directory permission set to 0700
>>> umask set to:  u=rwx,g=,o=
>>> stdout stderr permission set to 0704
>>> voms proxy information:
subject   : /DC=ch/DC=cern/OU=Organic Units/OU=Users/CN=yxin/CN=728251/CN=Yongjie Xin/CN=1425571799/CN=1680650978
issuer    : /DC=ch/DC=cern/OU=Organic Units/OU=Users/CN=yxin/CN=728251/CN=Yongjie Xin/CN=1425571799
identity  : /DC=ch/DC=cern/OU=Organic Units/OU=Users/CN=yxin/CN=728251/CN=Yongjie Xin
type      : RFC3820 compliant limited proxy
strength  : 1024
path      : /home/grid/cmsplt01/home_cream_672261732/CREAM672261732/glide_eXwC3I/execute/dir_8081/x509up_u45880
timeleft  : 23:59:47
key usage : Digital Signature, Key Encipherment
=== VO cms extension information ===
VO        : cms
subject   : /DC=ch/DC=cern/OU=Organic Units/OU=Users/CN=yxin/CN=728251/CN=Yongjie Xin
issuer    : /DC=ch/DC=cern/OU=computers/CN=voms2.cern.ch
attribute : /cms/Role=NULL/Capability=NULL
attribute : /cms/uscms/Role=NULL/Capability=NULL
timeleft  : 191:24:41
uri       : voms2.cern.ch:15002

WNHostName=b6bb9551b8
$_CONDOR_JOB_AD =/home/grid/cmsplt01/home_cream_672261732/CREAM672261732/glide_eXwC3I/execute/dir_8081/.job.ad
OverflowFlag=0
>>> tar --no-same-permissions -xf /pool/grid/cmsplt01/home_cream_672261732/CREAM672261732/glide_eXwC3I/execute/dir_8081/default.tgz :
Successful untar
>>> Include /pool/grid/cmsplt01/home_cream_672261732/CREAM672261732/glide_eXwC3I/execute/dir_8081 in PYTHONPATH:
strip arguments
env var CRAB_UNIQUE_JOB_ID set to: yxin_ServiceWork_k7w93h_10_1_KTD
out_files_10
>>> list of expected files on output sandbox
output files: crab_fjr_10.xml CMSSW_10.stdout CMSSW_10.stderr Watchdog_10.log.gz
>>> GridFlavour discovery: 
GridFlavour=LCG
>>> SyncSite discovery: 
SyncSite=T2_CH_CERN
>>> SyncCE discovery: 
getting SyncCE from CE_ID
SyncCE=ce404.cern.ch:8443/cream-lsf-grid_cms
>>> info for dashboard:
***** Cat /pool/grid/cmsplt01/home_cream_672261732/CREAM672261732/glide_eXwC3I/execute/dir_8081/jobreport.txt *****
WNHostName=b6bb9551b8
OverflowFlag=0
MonitorJobID=10_https://submit-4.t2.ucsd.edu//141204//533307.9
SyncGridJobId=https://submit-4.t2.ucsd.edu//141204//533307.9
MonitorID=yxin_ServiceWork_k7w93h
GridFlavour=LCG
SyncSite=T2_CH_CERN
SyncCE=ce404.cern.ch:8443/cream-lsf-grid_cms
***** End Cat jobreport *****
Parameters sent to Dashboard.
>>> setup environment
set SCRAM ARCH to slc6_amd64_gcc481
SCRAM_ARCH = slc6_amd64_gcc481
>>> setup CMS LCG environment:
set SCRAM ARCH and BUILD_ARCH to slc6_amd64_gcc481 ###
Sourcing environment... 
sourcing /cvmfs/cms.cern.ch/cmsset_default.sh
==> setup cms environment ok
>>> specific cmssw setup environment:
CMSSW_VERSION =  CMSSW_7_3_0_pre3
WARNING: Developer's area is created for non-production architecture slc6_amd64_gcc481. Production architecture for this release is slc6_amd64_gcc491.
>>> current directory (SOFTWARE_DIR): /pool/grid/cmsplt01/home_cream_672261732/CREAM672261732/glide_eXwC3I/execute/dir_8081/CMSSW_7_3_0_pre3
PreserveSeeds: <>
IncrementSeeds:<>
>>> info for dashboard:
***** Cat /pool/grid/cmsplt01/home_cream_672261732/CREAM672261732/glide_eXwC3I/execute/dir_8081/jobreport.txt *****
MonitorJobID=10_https://submit-4.t2.ucsd.edu//141204//533307.9
MonitorID=yxin_ServiceWork_k7w93h
***** End Cat jobreport *****
Parameters sent to Dashboard.
crabWatchdog started as process 8338
>>> moving CMSSW software directories in /pool/grid/cmsplt01/home_cream_672261732/CREAM672261732/glide_eXwC3I/execute/dir_8081/CMSSW_7_3_0_pre3
mv: cannot stat `/pool/grid/cmsplt01/home_cream_672261732/CREAM672261732/glide_eXwC3I/execute/dir_8081/module/': No such file or directory
>>> Include /pool/grid/cmsplt01/home_cream_672261732/CREAM672261732/glide_eXwC3I/execute/dir_8081 in PYTHONPATH:
PYTHONPATH=/pool/grid/cmsplt01/home_cream_672261732/CREAM672261732/glide_eXwC3I/execute/dir_8081/:/pool/grid/cmsplt01/home_cream_672261732/CREAM672261732/glide_eXwC3I/execute/dir_8081/CMSSW_7_3_0_pre3/python:/pool/grid/cmsplt01/home_cream_672261732/CREAM672261732/glide_eXwC3I/execute/dir_8081/CMSSW_7_3_0_pre3/lib/slc6_amd64_gcc481:/cvmfs/cms.cern.ch/slc6_amd64_gcc481/cms/cmssw/CMSSW_7_3_0_pre3/python:/cvmfs/cms.cern.ch/slc6_amd64_gcc481/cms/cmssw/CMSSW_7_3_0_pre3/lib/slc6_amd64_gcc481:/cvmfs/cms.cern.ch/slc6_amd64_gcc481/cms/coral/CORAL_2_3_21-cms37/slc6_amd64_gcc481/python:/cvmfs/cms.cern.ch/slc6_amd64_gcc481/cms/coral/CORAL_2_3_21-cms37/slc6_amd64_gcc481/lib:/cvmfs/cms.cern.ch/slc6_amd64_gcc481/external/pyqt/4.8.1-cms2/lib/python2.7/site-packages:/cvmfs/cms.cern.ch/slc6_amd64_gcc481/external/py2-scipy/0.8.0-cms2/lib/python2.7/site-packages:/cvmfs/cms.cern.ch/slc6_amd64_gcc481/external/py2-matplotlib/1.2.1-cms3/lib/python2.7/site-packages:/cvmfs/cms.cern.ch/slc6_amd64_gcc481/external/yoda/1.1.0-cms/lib/python2.7/site-packages:/cvmfs/cms.cern.ch/slc6_amd64_gcc481/external/python-ldap/2.4.10-cms2/lib/python2.7/site-packages:/cvmfs/cms.cern.ch/slc6_amd64_gcc481/external/sip/4.11.2-cms2/lib/python2.7/site-packages:/cvmfs/cms.cern.ch/slc6_amd64_gcc481/external/llvm/3.5-cms/lib/python2.7/site-packages:/cvmfs/cms.cern.ch/slc6_amd64_gcc481/external/py2-sqlalchemy/0.8.2-cms3/lib/python2.7/site-packages:/cvmfs/cms.cern.ch/slc6_amd64_gcc481/external/py2-pytz/2014.7/lib/python2.7/site-packages:/cvmfs/cms.cern.ch/slc6_amd64_gcc481/external/py2-pycurl/7.19.0-cms2/lib/python2.7/site-packages:/cvmfs/cms.cern.ch/slc6_amd64_gcc481/external/py2-python-dateutil/1.1-cms2/lib/python2.7/site-packages:/cvmfs/cms.cern.ch/slc6_amd64_gcc481/external/py2-numpy/1.6.1-cms2/lib/python2.7/site-packages:/cvmfs/cms.cern.ch/slc6_amd64_gcc481/external/py2-lint/0.25.1-cms2/lib/python2.7/site-packages:/cvmfs/cms.cern.ch/slc6_amd64_gcc481/external/py2-ipython/0.10-cms2/lib/python2.7/site-packages:/cvmfs/cms.cern.ch/slc6_amd64_gcc481/external/py2-dxr/1.0/lib/python2.7/site-packages:/cvmfs/cms.cern.ch/slc6_amd64_gcc481/external/py2-cx-oracle/5.1-cms3/lib/python2.7/site-packages:/cvmfs/cms.cern.ch/slc6_amd64_gcc481/external/py2-cjson/1.0.5-cms2/lib/python2.7/site-packages:/cvmfs/cms.cern.ch/slc6_amd64_gcc481/external/frontier_client/2.8.11/python/lib:/cvmfs/cms.cern.ch/slc6_amd64_gcc481/cms/das-client/2.5.0-cms/bin:/cvmfs/cms.cern.ch/slc6_amd64_gcc481/external/cython/0.19.1-cms2/lib/python2.7/site-packages:/cvmfs/cms.cern.ch/slc6_amd64_gcc481/external/rivet/2.1.2-cms4/lib/python2.7/site-packages:/cvmfs/cms.cern.ch/slc6_amd64_gcc481/external/pyminuit2/0.0.1-cms29/lib/python2.7/site-packages:/cvmfs/cms.cern.ch/slc6_amd64_gcc481/external/py2-pygithub/1.23.0-cms/lib/python2.7/site-packages:/cvmfs/cms.cern.ch/slc6_amd64_gcc481/external/py2-networkx/1.8.1-cms2/lib/python2.7/site-packages:/cvmfs/cms.cern.ch/slc6_amd64_gcc481/external/py2-pygments/1.6/lib/python2.7/site-packages:/cvmfs/cms.cern.ch/slc6_amd64_gcc481/external/py2-parsimonious/0.6.1/lib/python2.7/site-packages:/cvmfs/cms.cern.ch/slc6_amd64_gcc481/external/py2-ordereddict/1.1/lib/python2.7/site-packages:/cvmfs/cms.cern.ch/slc6_amd64_gcc481/external/py2-markupsafe/0.23/lib/python2.7/site-packages:/cvmfs/cms.cern.ch/slc6_amd64_gcc481/external/py2-jinja/2.7.2/lib/python2.7/site-packages:/cvmfs/cms.cern.ch/slc6_amd64_gcc481/external/py2-futures/2.2.0/lib/python2.7/site-packages:/cvmfs/cms.cern.ch/slc6_amd64_gcc481/external/py2-dablooms/0.9.1/lib/python2.7/site-packages:/cvmfs/cms.cern.ch/slc6_amd64_gcc481/external/professor/1.0.0-cms29/lib/python2.7/site-packages:/cvmfs/cms.cern.ch/slc6_amd64_gcc481/lcg/root/5.34.18-cms14/lib:/cvmfs/cms.cern.ch/slc6_amd64_gcc481/cms/dbs-client/DBS_2_1_9-cms2/lib:/cvmfs/cms.cern.ch/slc6_amd64_gcc481/cms/dbs-client/DBS_2_1_9-cms2/lib/DBSAPI:/cvmfs/cms.cern.ch/slc6_amd64_gcc481/external/cvs2git/5419-cms2/lib:/pool/grid/cmsplt01/home_cream_672261732/CREAM672261732/glide_eXwC3I/execute/dir_8081/
 
# LIMITS USED BY CRAB WATCHDOG:
# RSS  (KBytes)   : 2300000
# VSZ  (KBytes)   : 100000000
# DISK (MBytes)   : 19000
# CPU TIME        : 720h:0m:0s
# WALL CLOCK TIME : 21h:50m:0s
 
94c7102f2fc06aea41054bf3e0415a25
PSETHASH = 94c7102f2fc06aea41054bf3e0415a25
/pool/grid/cmsplt01/home_cream_672261732/CREAM672261732/glide_eXwC3I/execute/dir_8081/writeCfg.py pset.py pset.py
Importing .py file
Setting parameters
RandomNumberGeneratorService found, will attempt to change seeds
inputBlocks=/RelValQCD_FlatPt_15_3000HS_13/CMSSW_7_3_0_pre3-MCRUN2_73_V5-v1/GEN-SIM-RECO#c1f55c6c-7772-11e4-86df-003048c9c3fe
inputFiles=/store/relval/CMSSW_7_3_0_pre3/RelValQCD_FlatPt_15_3000HS_13/GEN-SIM-RECO/MCRUN2_73_V5-v1/00000/7EC17A08-6277-E411-9543-02163E010DBE.root
parentFiles=
lumisRange=
>>> Executable cmsRun
/cvmfs/cms.cern.ch/slc6_amd64_gcc481/cms/cmssw/CMSSW_7_3_0_pre3/bin/slc6_amd64_gcc481/cmsRun
ok executable found
>>> info for dashboard:
***** Cat /pool/grid/cmsplt01/home_cream_672261732/CREAM672261732/glide_eXwC3I/execute/dir_8081/jobreport.txt *****
MonitorJobID=10_https://submit-4.t2.ucsd.edu//141204//533307.9
MonitorID=yxin_ServiceWork_k7w93h
ExeStart=cmsRun
***** End Cat jobreport *****
Parameters sent to Dashboard.
>>> cmsRun started at Thu Dec  4 18:42:34 UTC 2014
>>> cmsRun ended at Thu Dec  4 18:45:11 UTC 2014
>>> crab_fjr_*.xml  permission set to 0704
>>> info for dashboard:
***** Cat /pool/grid/cmsplt01/home_cream_672261732/CREAM672261732/glide_eXwC3I/execute/dir_8081/jobreport.txt *****
MonitorJobID=10_https://submit-4.t2.ucsd.edu//141204//533307.9
MonitorID=yxin_ServiceWork_k7w93h
ExeEnd=cmsRun
***** End Cat jobreport *****
Parameters sent to Dashboard.
TIME_EXE = 157 sec
>>> cmsRun wrote 24 lines of stdout+stderr
>>> START OF printout of 24 lines from stdout+stderr
04-Dec-2014 19:43:20 CET  Initiating request to open file root://eoscms//eos/cms/store/relval/CMSSW_7_3_0_pre3/RelValQCD_FlatPt_15_3000HS_13/GEN-SIM-RECO/MCRUN2_73_V5-v1/00000/7EC17A08-6277-E411-9543-02163E010DBE.root?svcClass=default
04-Dec-2014 19:43:23 CET  Successfully opened file root://eoscms//eos/cms/store/relval/CMSSW_7_3_0_pre3/RelValQCD_FlatPt_15_3000HS_13/GEN-SIM-RECO/MCRUN2_73_V5-v1/00000/7EC17A08-6277-E411-9543-02163E010DBE.root?svcClass=default
Begin processing the 1st record. Run 1, Event 42270, LumiSection 423 at 04-Dec-2014 19:43:39.643 CET
Begin processing the 101st record. Run 1, Event 44070, LumiSection 441 at 04-Dec-2014 19:44:17.589 CET
Begin processing the 201st record. Run 1, Event 45170, LumiSection 452 at 04-Dec-2014 19:44:54.932 CET
04-Dec-2014 19:45:09 CET  Closed file root://eoscms//eos/cms/store/relval/CMSSW_7_3_0_pre3/RelValQCD_FlatPt_15_3000HS_13/GEN-SIM-RECO/MCRUN2_73_V5-v1/00000/7EC17A08-6277-E411-9543-02163E010DBE.root?svcClass=default

=============================================

MessageLogger Summary

 type     category        sev    module        subroutine        count    total
 ---- -------------------- -- ---------------- ----------------  -----    -----
    1 fileAction           -s file_close                             1        1
    2 fileAction           -s file_open                              2        2

 type    category    Examples: run/evt        run/evt          run/evt
 ---- -------------------- ---------------- ---------------- ----------------
    1 fileAction           PostEndRun                        
    2 fileAction           pre-events       pre-events       

Severity    # Occurrences   Total Occurrences
--------    -------------   -----------------
System                  3                   3
>>> END OF printout of 24 lines from stdout+stderr
>>> Parse FrameworkJobReport crab_fjr.xml
Result of parsing the FrameworkJobReport crab_fjr.xml: Popularity start
lumisRange : 1::423,441,452,472::1;
lumisParentRange : 
Basename : /store/relval/CMSSW_7_3_0_pre3/RelValQCD_FlatPt_15_3000HS_13/GEN-SIM-RECO/MCRUN2_73_V5-v1/00000/
BasenameParent : 
parentFiles : 
inputBlocks : /RelValQCD_FlatPt_15_3000HS_13/CMSSW_7_3_0_pre3-MCRUN2_73_V5-v1/GEN-SIM-RECO#c1f55c6c-7772-11e4-86df-003048c9c3fe
inputFiles : 7EC17A08-6277-E411-9543-02163E010DBE.root::1::EDM::Local::1;
Popularity stop
Extracted ExitStatus from FrameworkJobReport parsing output: 0
>>> Executable succeded  0
ExeExitCode=0
EXECUTABLE_EXIT_STATUS = 0
>>> current directory /pool/grid/cmsplt01/home_cream_672261732/CREAM672261732/glide_eXwC3I/execute/dir_8081/CMSSW_7_3_0_pre3
>>>  (SOFTWARE_DIR): /pool/grid/cmsplt01/home_cream_672261732/CREAM672261732/glide_eXwC3I/execute/dir_8081/CMSSW_7_3_0_pre3
>>> (WORKING_DIR): 
>>> current directory content:
total 194828
drwxr-xr-x. 3 cms149 zh      4096 Dec  4 19:41 .SCRAM
-rw-------. 1 cms149 zh  10330614 Dec  4 19:41 CMSSW.py.pkl
-rw-------. 1 cms149 zh 178750808 Dec  4 19:45 PFL2_out_All10000Events.root
drwxr-xr-x. 3 cms149 zh      4096 Dec  4 19:41 biglib
drwxr-xr-x. 3 cms149 zh      4096 Dec  4 19:41 bin
drwxr-xr-x. 3 cms149 zh      4096 Dec  4 19:41 cfipython
drwxr-xr-x. 4 cms149 zh      4096 Dec  4 19:41 config
-rw-------. 1 cms149 zh        16 Dec  4 19:45 cpu_timing.txt
drwxr-xr-x. 2 cms149 zh      4096 Dec  4 19:41 doc
-rw-------. 1 cms149 zh      1789 Dec  4 19:45 executable.out
drwxr-xr-x. 2 cms149 zh      4096 Dec  4 19:41 include
drwx------. 3 cms149 zh      4096 Dec  4 17:32 lib
drwxr-xr-x. 3 cms149 zh      4096 Dec  4 19:41 logs
drwxr-xr-x. 3 cms149 zh      4096 Dec  4 19:41 objs
-rw-------. 1 cms149 zh       104 Dec  4 19:42 pset.py
-rw-------. 1 cms149 zh  10333971 Dec  4 19:42 pset.py.pkl
-rw-------. 1 cms149 zh       289 Dec  4 19:42 pset.pyc
drwxr-xr-x. 2 cms149 zh      4096 Dec  4 19:41 python
-rw-------. 1 cms149 zh       362 Dec  4 19:45 report.log
drwx------. 3 cms149 zh      4096 Dec  4 19:41 src
drwxr-xr-x. 3 cms149 zh      4096 Dec  4 19:41 test
drwxr-xr-x. 3 cms149 zh      4096 Dec  4 19:41 tmp
>>> current directory /pool/grid/cmsplt01/home_cream_672261732/CREAM672261732/glide_eXwC3I/execute/dir_8081/CMSSW_7_3_0_pre3
>>> (SOFTWARE_DIR): /pool/grid/cmsplt01/home_cream_672261732/CREAM672261732/glide_eXwC3I/execute/dir_8081/CMSSW_7_3_0_pre3
>>> (WORKING_DIR): 
>>> current directory content:
total 194828
drwxr-xr-x. 3 cms149 zh      4096 Dec  4 19:41 .SCRAM
-rw-------. 1 cms149 zh  10330614 Dec  4 19:41 CMSSW.py.pkl
-rw-------. 1 cms149 zh 178750808 Dec  4 19:45 PFL2_out_All10000Events_10_1_KTD.root
drwxr-xr-x. 3 cms149 zh      4096 Dec  4 19:41 biglib
drwxr-xr-x. 3 cms149 zh      4096 Dec  4 19:41 bin
drwxr-xr-x. 3 cms149 zh      4096 Dec  4 19:41 cfipython
drwxr-xr-x. 4 cms149 zh      4096 Dec  4 19:41 config
-rw-------. 1 cms149 zh        16 Dec  4 19:45 cpu_timing.txt
drwxr-xr-x. 2 cms149 zh      4096 Dec  4 19:41 doc
-rw-------. 1 cms149 zh      1789 Dec  4 19:45 executable.out
drwxr-xr-x. 2 cms149 zh      4096 Dec  4 19:41 include
drwx------. 3 cms149 zh      4096 Dec  4 17:32 lib
drwxr-xr-x. 3 cms149 zh      4096 Dec  4 19:41 logs
drwxr-xr-x. 3 cms149 zh      4096 Dec  4 19:41 objs
-rw-------. 1 cms149 zh       104 Dec  4 19:42 pset.py
-rw-------. 1 cms149 zh  10333971 Dec  4 19:42 pset.py.pkl
-rw-------. 1 cms149 zh       289 Dec  4 19:42 pset.pyc
drwxr-xr-x. 2 cms149 zh      4096 Dec  4 19:41 python
-rw-------. 1 cms149 zh       362 Dec  4 19:45 report.log
drwx------. 3 cms149 zh      4096 Dec  4 19:41 src
drwxr-xr-x. 3 cms149 zh      4096 Dec  4 19:41 test
drwxr-xr-x. 3 cms149 zh      4096 Dec  4 19:41 tmp
>>> current directory (RUNTIME_AREA):  /pool/grid/cmsplt01/home_cream_672261732/CREAM672261732/glide_eXwC3I/execute/dir_8081
PNN = cmseos.fnal.gov
SE = cmseos.fnal.gov
SE_PATH = /srm/v2/server?SFN=/eos/uscms//store/user/yxin/Service/
LFNBaseName = /store/user/yxin/Service/
USER = yxin
endpoint = srm://cmseos.fnal.gov:8443/srm/v2/server?SFN=/eos/uscms//store/user/yxin/Service/
>>> Copy output files from WN = b6bb9551b8 to /srm/v2/server?SFN=/eos/uscms//store/user/yxin/Service/ :
python cmscp.py  --destination srm://cmseos.fnal.gov:8443/srm/v2/server?SFN=/eos/uscms//store/user/yxin/Service/ --inputFileList /pool/grid/cmsplt01/home_cream_672261732/CREAM672261732/glide_eXwC3I/execute/dir_8081/CMSSW_7_3_0_pre3/PFL2_out_All10000Events_10_1_KTD.root --middleware LCG --PNN cmseos.fnal.gov --se_name cmseos.fnal.gov --for_lfn /store/user/yxin/Service/    
******************************************************
localSeName  =  srm-eoscms.cern.ch
remoteSeName =  cmseos.fnal.gov
******************************************************
{"/pool/grid/cmsplt01/home_cream_672261732/CREAM672261732/glide_eXwC3I/execute/dir_8081/CMSSW_7_3_0_pre3/PFL2_out_All10000Events_10_1_KTD.root": {"endpoint": "srm://cmseos.fnal.gov:8443/srm/v2/server?SFN=/eos/uscms//store/user/yxin/Service/", "surl_for_grid": "", "reason": "Copy succedeed with srm-lcg utils", "erCode": "0", "PNN": "cmseos.fnal.gov", "se_name": "cmseos.fnal.gov", "for_lfn": "/store/user/yxin/Service/"}}/pool/grid/cmsplt01/home_cream_672261732/CREAM672261732/glide_eXwC3I/execute/dir_8081
-------- cat /pool/grid/cmsplt01/home_cream_672261732/CREAM672261732/glide_eXwC3I/execute/dir_8081/cmscpReport.sh 
#!/bin/bash
echo "Report for File: /pool/grid/cmsplt01/home_cream_672261732/CREAM672261732/glide_eXwC3I/execute/dir_8081/CMSSW_7_3_0_pre3/PFL2_out_All10000Events_10_1_KTD.root"
echo "LFN: /store/user/yxin/Service/PFL2_out_All10000Events_10_1_KTD.root"
echo "StorageElement: cmseos.fnal.gov"
echo "StageOutExitStatusReason = 'Copy succedeed with srm-lcg utils'" | tee -a $RUNTIME_AREA/$repo
echo "StageOutSE = cmseos.fnal.gov" >> $RUNTIME_AREA/$repo

export StageOutExitStatus=0
echo "StageOutExitStatus = 0" | tee -a $RUNTIME_AREA/$repo
-------- end of /pool/grid/cmsplt01/home_cream_672261732/CREAM672261732/glide_eXwC3I/execute/dir_8081/cmscpReport.sh 
Report for File: /pool/grid/cmsplt01/home_cream_672261732/CREAM672261732/glide_eXwC3I/execute/dir_8081/CMSSW_7_3_0_pre3/PFL2_out_All10000Events_10_1_KTD.root
LFN: /store/user/yxin/Service/PFL2_out_All10000Events_10_1_KTD.root
StorageElement: cmseos.fnal.gov
StageOutExitStatusReason = 'Copy succedeed with srm-lcg utils'
StageOutExitStatus = 0
>>> current dir: /pool/grid/cmsplt01/home_cream_672261732/CREAM672261732/glide_eXwC3I/execute/dir_8081
>>> current dir content:
total 12712
-rw-------.  1 cms149 zh     2854 Dec  4 19:46 .SEinteraction.log
-rwx------.  1 cms149 zh       53 Dec  4 19:41 .chirp_config
-rwx------.  1 cms149 zh     7922 Dec  4 19:41 .job.ad
-rwx------.  1 cms149 zh     9754 Dec  4 19:41 .machine.ad
-rw-------.  1 cms149 zh      105 Dec  4 19:17 CMSSW.py
-rw-------.  1 cms149 zh 10330614 Dec  4 19:17 CMSSW.py.pkl
-rwx------.  1 cms149 zh    29289 Dec  4 19:41 CMSSW.sh
drwxr-xr-x. 16 cms149 zh     4096 Dec  4 19:45 CMSSW_7_3_0_pre3
-rw-------.  1 cms149 zh      581 Dec  4 19:41 CacheEnv.sh
-rw-------.  1 cms149 zh     7291 Nov 19 15:52 DashboardAPI.py
-rw-------.  1 cms149 zh     6905 Dec  4 19:41 DashboardAPI.pyc
drwx------.  2 cms149 zh     4096 Dec  4 19:45 IMProv
-rw-------.  1 cms149 zh     2748 Nov 19 15:52 Logger.py
-rw-------.  1 cms149 zh     3377 Dec  4 19:41 Logger.pyc
lrwxrwxrwx.  1 cms149 zh      140 Dec  4 19:45 PFL2_out_All10000Events.root -> /pool/grid/cmsplt01/home_cream_672261732/CREAM672261732/glide_eXwC3I/execute/dir_8081/CMSSW_7_3_0_pre3/PFL2_out_All10000Events_10_1_KTD.root
-rw-------.  1 cms149 zh    24524 Nov 19 15:52 ProcInfo.py
-rw-------.  1 cms149 zh    23341 Dec  4 19:41 ProcInfo.pyc
drwx------.  7 cms149 zh     4096 Dec  4 19:42 ProdCommon
drwx------.  3 cms149 zh     4096 Dec  4 19:41 WMCore
-rw-------.  1 cms149 zh     1837 Dec  4 19:45 Watchdog_10.log
-rwx------.  1 cms149 zh        0 Dec  4 19:41 _condor_stderr
-rwx---r--.  1 cms149 zh    18649 Dec  4 19:46 _condor_stdout
-rw-------.  1 cms149 zh    32895 Nov 19 15:52 apmon.py
-rw-------.  1 cms149 zh    28799 Dec  4 19:41 apmon.pyc
-rwx------.  1 cms149 zh    70708 Dec  4 19:41 arguments.xml
-rwx------.  1 cms149 zh    38581 Nov 19 15:52 cmscp.py
-rw-------.  1 cms149 zh      537 Dec  4 19:46 cmscpReport.sh
-rwx------.  1 cms149 zh    29289 Dec  4 19:41 condor_exec.exe
-rw-------.  1 cms149 zh      485 Dec  4 19:17 crab.cfg
-rwx------.  1 cms149 zh     8610 Nov 19 15:52 crabWatchdog.sh
-rwx---r--.  1 cms149 zh   163012 Dec  4 19:45 crab_fjr_10.xml
-rwx------.  1 cms149 zh  2017507 Dec  4 19:41 default.tgz
-rwx------.  1 cms149 zh     4488 Nov 19 15:52 fillCrabFjr.py
-rw-------.  1 cms149 zh      300 Dec  4 19:42 inputsReport.txt
-rw-------.  1 cms149 zh      238 Dec  4 19:46 jobreport.txt
-rw-------.  1 cms149 zh    17352 Nov 19 15:52 parseCrabFjr.py
-rw-------.  1 cms149 zh      321 Dec  4 19:41 report.log
-rwx--x--x.  1 cms149 zh     1497 Nov 19 15:52 report.py
-rw-------.  1 cms149 zh      422 Dec  4 19:46 resultCopyFile
-rwx------.  1 cms149 zh     8351 Nov 19 15:52 writeCfg.py
-rw-------.  1 cms149 zh    10398 Dec  4 19:41 x509up_u45880
>>> Modify Job Report:
CMSSW_VERSION = CMSSW_7_3_0_pre3
/pool/grid/cmsplt01/home_cream_672261732/CREAM672261732/glide_eXwC3I/execute/dir_8081/ProdCommon/FwkJobRep/ModifyJobReport.py fjr /pool/grid/cmsplt01/home_cream_672261732/CREAM672261732/glide_eXwC3I/execute/dir_8081/crab_fjr_10.xml json /pool/grid/cmsplt01/home_cream_672261732/CREAM672261732/glide_eXwC3I/execute/dir_8081/resultCopyFile n_job 10_1_KTD PrimaryDataset RelValQCD_FlatPt_15_3000HS_13  ApplicationFamily cmsRun ApplicationName cmsRun cmssw_version CMSSW_7_3_0_pre3 psethash 94c7102f2fc06aea41054bf3e0415a25
inputDict =  {u'/pool/grid/cmsplt01/home_cream_672261732/CREAM672261732/glide_eXwC3I/execute/dir_8081/CMSSW_7_3_0_pre3/PFL2_out_All10000Events_10_1_KTD.root': {u'endpoint': u'srm://cmseos.fnal.gov:8443/srm/v2/server?SFN=/eos/uscms//store/user/yxin/Service/', u'surl_for_grid': u'', u'reason': u'Copy succedeed with srm-lcg utils', u'erCode': u'0', u'PNN': u'cmseos.fnal.gov', u'se_name': u'cmseos.fnal.gov', u'for_lfn': u'/store/user/yxin/Service/'}}
UserProcessedDataset =  
WORKING ON EDM FILE
file_name in inputDict =  /pool/grid/cmsplt01/home_cream_672261732/CREAM672261732/glide_eXwC3I/execute/dir_8081/CMSSW_7_3_0_pre3/PFL2_out_All10000Events_10_1_KTD.root
(size) os.stat(filename)[6] =  178750808
checksum =  3601922793
    file =  PFL2_out_All10000Events_10_1_KTD.root
    newPfn =  srm://cmseos.fnal.gov:8443/srm/v2/server?SFN=/eos/uscms//store/user/yxin/Service/PFL2_out_All10000Events_10_1_KTD.root
    newLfn =  /store/user/yxin/Service/PFL2_out_All10000Events_10_1_KTD.root
>>> crab_fjr_*.xml  permission set to 0704
CrabWrapper EXIT_FUNC entered at Thu Dec  4 19:46:11 CET 2014   -  Thu Dec  4 18:46:11 UTC 2014
Checking output files:  
will tar file crab_fjr_10.xml in  out_files_10
WARNING: output file CMSSW_10.stdout not found!
WARNING: output file CMSSW_10.stderr not found!
WARNING: output file Watchdog_10.log.gz not found!
>>> padding time: Sleeping the wrapper for 325 seconds
STOPPING WATCHDOG. CrabWatchdog PID is 8338
********** LAST 50 LINES OF WATCHDOG LOG
# RESOURCE USAGE SUMMARY FOR PROCESS ID  8107
USER       PID %CPU %MEM    VSZ   RSS TTY      STAT START   TIME COMMAND
cms149    8107  0.8  0.0  11632  1776 ?        SN   19:41   0:00 /bin/sh /home/grid/cmsplt01/home_cream_672261732/CREAM672261732/glide_eXwC3I/execute/dir_8081/condor_exec.exe 10 1
 
# LIMITS USED BY CRAB WATCHDOG:
# RSS  (KBytes)   : 2300000
# VSZ  (KBytes)   : 100000000
# DISK (MBytes)   : 19000
# CPU TIME        : 720h:0m:0s
# WALL CLOCK TIME : 21h:50m:0s
 
# FOLLOWING PRINTOUT TRACKS MAXIMUM VALUES OF RESOURCES USE
# ONE LINE IS PRINTED EACH TIME A MAXIMUM CHANGES
# IF CHANGE WAS IN RSS OR VSZ ALSO PROCID AND COMMAND ARE PRINTED
# THERE IS NO PRINTOUT FOR CPU/WALL TIME INCREASE
 
# TIME			PID	RSS(KB)	VSZ(KB)	Dsk(MB)	tCPU(s)	tWALL(s)	COMMAND
 Dec 04 19:41:42 CET	8107	1776	11632	0	0	1	/bin/sh /home/grid/cmsplt01/home_cream_672261732/CREAM672261732/glide_eXwC3I/execute/dir_8081/condor_exec.exe 10 1       
 Dec 04 19:41:42 CET	8350	10520	81604	0	0	1	edmConfigHash pset.py         
 Dec 04 19:41:42 CET	---	10520	81604	26	----	----	----
 Dec 04 19:42:43 CET	8520	170828	261836	26	8	61	cmsRun -j /pool/grid/cmsplt01/home_cream_672261732/CREAM672261732/glide_eXwC3I/execute/dir_8081/crab_fjr_10.xml -p pset.py      
 Dec 04 19:42:43 CET	---	170828	261836	36	----	----	----
 Dec 04 19:43:43 CET	8520	686652	1026688	36	50	122	cmsRun -j /pool/grid/cmsplt01/home_cream_672261732/CREAM672261732/glide_eXwC3I/execute/dir_8081/crab_fjr_10.xml -p pset.py      
 Dec 04 19:43:43 CET	---	686652	1026688	44	----	----	----
 Dec 04 19:44:44 CET	8520	709280	1051524	44	109	182	cmsRun -j /pool/grid/cmsplt01/home_cream_672261732/CREAM672261732/glide_eXwC3I/execute/dir_8081/crab_fjr_10.xml -p pset.py      
 Dec 04 19:44:44 CET	---	709280	1051524	159	----	----	----
 Dec 04 19:45:45 CET	---	709280	1051524	207	----	----	----
********** WATCHDOG LOG ENDED
ZIPPING WATCHDOG LOG
Disk space used:
du -sh /pool/grid/cmsplt01/home_cream_672261732/CREAM672261732/glide_eXwC3I/execute/dir_8081
207M	/pool/grid/cmsplt01/home_cream_672261732/CREAM672261732/glide_eXwC3I/execute/dir_8081
Found unusual stdout, rename for OSB
`/pool/grid/cmsplt01/home_cream_672261732/CREAM672261732/glide_eXwC3I/execute/dir_8081/_condor_stdout' -> `CMSSW_10.stdout'
Found unusual stderr, rename for OSB
`/pool/grid/cmsplt01/home_cream_672261732/CREAM672261732/glide_eXwC3I/execute/dir_8081/_condor_stdout' -> `CMSSW_10.stderr'
crab_fjr_10.xml
CMSSW_10.stdout
CMSSW_10.stderr
Watchdog_10.log.gz
Total Output dimension: 24869
WARNING: output files size limit is set to: 50000000
Total Output dimension 24869 is fine.
JOB_EXIT_STATUS = 0
>>> info for dashboard:
***** Cat /pool/grid/cmsplt01/home_cream_672261732/CREAM672261732/glide_eXwC3I/execute/dir_8081/jobreport.txt *****
MonitorJobID=10_https://submit-4.t2.ucsd.edu//141204//533307.9
MonitorID=yxin_ServiceWork_k7w93h
ExeTime=157
ExeExitCode=0
StageOutExitStatusReason = 'Copy succedeed with srm-lcg utils'
StageOutSE = cmseos.fnal.gov
StageOutExitStatus = 0
CrabUserCpuTime=130.01
CrabSysCpuTime=5.70
CrabCpuPercentage=86%
CrabWrapperTime=600
CrabStageoutTime=52
JobExitCode=0
***** End Cat jobreport *****
Parameters sent to Dashboard.
EXITING at Thu Dec  4 19:51:41 CET 2014  -  Thu Dec  4 18:51:41 UTC 2014
